{
  "uid" : "730beb1f56fc2066",
  "name" : "postToWebAppWall",
  "fullName" : "com.browserstack.DemoTest.postToWebAppWall",
  "historyId" : "585f3c6dda4d5e35875f2d8e0e302456",
  "time" : {
    "start" : 1643188268327,
    "stop" : 1643188285230,
    "duration" : 16903
  },
  "status" : "failed",
  "statusMessage" : "Could not get attribute of element || Locator =>By.xpath: //*[contains(@class,'bootstrap-switch wrapper')]Error : org.openqa.selenium.StaleElementReferenceException: stale element reference (WARNING: The server did not provide any stacktrace information)\nCommand duration or timeout: 0 milliseconds\nFor documentation on this error, please visit: https://www.seleniumhq.org/exceptions/stale_element_reference.html\nBuild info: version: '3.141.59', revision: 'e82be7d358', time: '2018-11-14T08:17:03'\nSystem info: host: 'fv-az128-108', ip: '10.1.0.136', os.name: 'Linux', os.arch: 'amd64', os.version: '5.11.0-1027-azure', java.version: '11.0.13'\nDriver info: org.openqa.selenium.remote.RemoteWebDriver\nCapabilities {acceptInsecureCerts: false, acceptSslCerts: false, applicationCacheEnabled: false, browserConnectionEnabled: false, browserName: chrome, chrome: {chromedriverVersion: 84.0.4147.30 (48b3e868b4cc0..., userDataDir: C:\\Windows\\proxy\\scoped_dir...}, cssSelectorsEnabled: true, databaseEnabled: false, goog:chromeOptions: {debuggerAddress: localhost:6410}, handlesAlerts: true, hasTouchScreen: false, javascriptEnabled: true, locationContextEnabled: true, mobileEmulationEnabled: false, nativeEvents: true, networkConnectionEnabled: false, pageLoadStrategy: normal, platform: WINDOWS, platformName: WINDOWS, rotatable: false, setWindowRect: true, strictFileInteractability: false, takesHeapSnapshot: true, takesScreenshot: true, timeouts: {implicit: 0, pageLoad: 300000, script: 30000}, unexpectedAlertBehaviour: ignore, unhandledPromptBehavior: ignore, version: 84.0.4147.89, webStorageEnabled: true, webauthn:virtualAuthenticators: true, webdriver.remote.sessionid: 5b45b08b86fbac6f81b0747b133...}\nSession ID: 5b45b08b86fbac6f81b0747b1335addbd3eb528a",
  "statusTrace" : "java.lang.AssertionError: Could not get attribute of element || Locator =>By.xpath: //*[contains(@class,'bootstrap-switch wrapper')]Error : org.openqa.selenium.StaleElementReferenceException: stale element reference (WARNING: The server did not provide any stacktrace information)\nCommand duration or timeout: 0 milliseconds\nFor documentation on this error, please visit: https://www.seleniumhq.org/exceptions/stale_element_reference.html\nBuild info: version: '3.141.59', revision: 'e82be7d358', time: '2018-11-14T08:17:03'\nSystem info: host: 'fv-az128-108', ip: '10.1.0.136', os.name: 'Linux', os.arch: 'amd64', os.version: '5.11.0-1027-azure', java.version: '11.0.13'\nDriver info: org.openqa.selenium.remote.RemoteWebDriver\nCapabilities {acceptInsecureCerts: false, acceptSslCerts: false, applicationCacheEnabled: false, browserConnectionEnabled: false, browserName: chrome, chrome: {chromedriverVersion: 84.0.4147.30 (48b3e868b4cc0..., userDataDir: C:\\Windows\\proxy\\scoped_dir...}, cssSelectorsEnabled: true, databaseEnabled: false, goog:chromeOptions: {debuggerAddress: localhost:6410}, handlesAlerts: true, hasTouchScreen: false, javascriptEnabled: true, locationContextEnabled: true, mobileEmulationEnabled: false, nativeEvents: true, networkConnectionEnabled: false, pageLoadStrategy: normal, platform: WINDOWS, platformName: WINDOWS, rotatable: false, setWindowRect: true, strictFileInteractability: false, takesHeapSnapshot: true, takesScreenshot: true, timeouts: {implicit: 0, pageLoad: 300000, script: 30000}, unexpectedAlertBehaviour: ignore, unhandledPromptBehavior: ignore, version: 84.0.4147.89, webStorageEnabled: true, webauthn:virtualAuthenticators: true, webdriver.remote.sessionid: 5b45b08b86fbac6f81b0747b133...}\nSession ID: 5b45b08b86fbac6f81b0747b1335addbd3eb528a\n\tat org.testng.Assert.fail(Assert.java:94)\n\tat util.Logger.assertWithStatus(Logger.java:15)\n\tat controller.ActionController.getAttributeValue(ActionController.java:138)\n\tat pages.MyEventsPage.enableWebApp(MyEventsPage.java:59)\n\tat com.browserstack.DemoTest.postToWebAppWall(DemoTest.java:31)\n\tat java.base/jdk.internal.reflect.NativeMethodAccessorImpl.invoke0(Native Method)\n\tat java.base/jdk.internal.reflect.NativeMethodAccessorImpl.invoke(NativeMethodAccessorImpl.java:62)\n\tat java.base/jdk.internal.reflect.DelegatingMethodAccessorImpl.invoke(DelegatingMethodAccessorImpl.java:43)\n\tat java.base/java.lang.reflect.Method.invoke(Method.java:566)\n\tat org.testng.internal.MethodInvocationHelper.invokeMethod(MethodInvocationHelper.java:86)\n\tat org.testng.internal.Invoker.invokeMethod(Invoker.java:643)\n\tat org.testng.internal.Invoker.invokeTestMethod(Invoker.java:820)\n\tat org.testng.internal.Invoker.invokeTestMethods(Invoker.java:1128)\n\tat org.testng.internal.TestMethodWorker.invokeTestMethods(TestMethodWorker.java:129)\n\tat org.testng.internal.TestMethodWorker.run(TestMethodWorker.java:112)\n\tat org.testng.TestRunner.privateRun(TestRunner.java:782)\n\tat org.testng.TestRunner.run(TestRunner.java:632)\n\tat org.testng.SuiteRunner.runTest(SuiteRunner.java:366)\n\tat org.testng.SuiteRunner.runSequentially(SuiteRunner.java:361)\n\tat org.testng.SuiteRunner.privateRun(SuiteRunner.java:319)\n\tat org.testng.SuiteRunner.run(SuiteRunner.java:268)\n\tat org.testng.SuiteRunnerWorker.runSuite(SuiteRunnerWorker.java:52)\n\tat org.testng.SuiteRunnerWorker.run(SuiteRunnerWorker.java:86)\n\tat org.testng.TestNG.runSuitesSequentially(TestNG.java:1244)\n\tat org.testng.TestNG.runSuitesLocally(TestNG.java:1169)\n\tat org.testng.TestNG.run(TestNG.java:1064)\n\tat org.apache.maven.surefire.testng.TestNGExecutor.run(TestNGExecutor.java:283)\n\tat org.apache.maven.surefire.testng.TestNGXmlTestSuite.execute(TestNGXmlTestSuite.java:75)\n\tat org.apache.maven.surefire.testng.TestNGProvider.invoke(TestNGProvider.java:120)\n\tat org.apache.maven.surefire.booter.ForkedBooter.invokeProviderInSameClassLoader(ForkedBooter.java:386)\n\tat org.apache.maven.surefire.booter.ForkedBooter.runSuitesInProcess(ForkedBooter.java:323)\n\tat org.apache.maven.surefire.booter.ForkedBooter.main(ForkedBooter.java:143)\n",
  "flaky" : false,
  "newFailed" : false,
  "beforeStages" : [ {
    "name" : "setUp",
    "time" : {
      "start" : 1643188257974,
      "stop" : 1643188268195,
      "duration" : 10221
    },
    "description" : "",
    "status" : "passed",
    "steps" : [ ],
    "attachments" : [ ],
    "parameters" : [ ],
    "stepsCount" : 0,
    "attachmentsCount" : 0,
    "shouldDisplayMessage" : false,
    "hasContent" : false
  } ],
  "testStage" : {
    "status" : "failed",
    "statusMessage" : "Could not get attribute of element || Locator =>By.xpath: //*[contains(@class,'bootstrap-switch wrapper')]Error : org.openqa.selenium.StaleElementReferenceException: stale element reference (WARNING: The server did not provide any stacktrace information)\nCommand duration or timeout: 0 milliseconds\nFor documentation on this error, please visit: https://www.seleniumhq.org/exceptions/stale_element_reference.html\nBuild info: version: '3.141.59', revision: 'e82be7d358', time: '2018-11-14T08:17:03'\nSystem info: host: 'fv-az128-108', ip: '10.1.0.136', os.name: 'Linux', os.arch: 'amd64', os.version: '5.11.0-1027-azure', java.version: '11.0.13'\nDriver info: org.openqa.selenium.remote.RemoteWebDriver\nCapabilities {acceptInsecureCerts: false, acceptSslCerts: false, applicationCacheEnabled: false, browserConnectionEnabled: false, browserName: chrome, chrome: {chromedriverVersion: 84.0.4147.30 (48b3e868b4cc0..., userDataDir: C:\\Windows\\proxy\\scoped_dir...}, cssSelectorsEnabled: true, databaseEnabled: false, goog:chromeOptions: {debuggerAddress: localhost:6410}, handlesAlerts: true, hasTouchScreen: false, javascriptEnabled: true, locationContextEnabled: true, mobileEmulationEnabled: false, nativeEvents: true, networkConnectionEnabled: false, pageLoadStrategy: normal, platform: WINDOWS, platformName: WINDOWS, rotatable: false, setWindowRect: true, strictFileInteractability: false, takesHeapSnapshot: true, takesScreenshot: true, timeouts: {implicit: 0, pageLoad: 300000, script: 30000}, unexpectedAlertBehaviour: ignore, unhandledPromptBehavior: ignore, version: 84.0.4147.89, webStorageEnabled: true, webauthn:virtualAuthenticators: true, webdriver.remote.sessionid: 5b45b08b86fbac6f81b0747b133...}\nSession ID: 5b45b08b86fbac6f81b0747b1335addbd3eb528a",
    "statusTrace" : "java.lang.AssertionError: Could not get attribute of element || Locator =>By.xpath: //*[contains(@class,'bootstrap-switch wrapper')]Error : org.openqa.selenium.StaleElementReferenceException: stale element reference (WARNING: The server did not provide any stacktrace information)\nCommand duration or timeout: 0 milliseconds\nFor documentation on this error, please visit: https://www.seleniumhq.org/exceptions/stale_element_reference.html\nBuild info: version: '3.141.59', revision: 'e82be7d358', time: '2018-11-14T08:17:03'\nSystem info: host: 'fv-az128-108', ip: '10.1.0.136', os.name: 'Linux', os.arch: 'amd64', os.version: '5.11.0-1027-azure', java.version: '11.0.13'\nDriver info: org.openqa.selenium.remote.RemoteWebDriver\nCapabilities {acceptInsecureCerts: false, acceptSslCerts: false, applicationCacheEnabled: false, browserConnectionEnabled: false, browserName: chrome, chrome: {chromedriverVersion: 84.0.4147.30 (48b3e868b4cc0..., userDataDir: C:\\Windows\\proxy\\scoped_dir...}, cssSelectorsEnabled: true, databaseEnabled: false, goog:chromeOptions: {debuggerAddress: localhost:6410}, handlesAlerts: true, hasTouchScreen: false, javascriptEnabled: true, locationContextEnabled: true, mobileEmulationEnabled: false, nativeEvents: true, networkConnectionEnabled: false, pageLoadStrategy: normal, platform: WINDOWS, platformName: WINDOWS, rotatable: false, setWindowRect: true, strictFileInteractability: false, takesHeapSnapshot: true, takesScreenshot: true, timeouts: {implicit: 0, pageLoad: 300000, script: 30000}, unexpectedAlertBehaviour: ignore, unhandledPromptBehavior: ignore, version: 84.0.4147.89, webStorageEnabled: true, webauthn:virtualAuthenticators: true, webdriver.remote.sessionid: 5b45b08b86fbac6f81b0747b133...}\nSession ID: 5b45b08b86fbac6f81b0747b1335addbd3eb528a\n\tat org.testng.Assert.fail(Assert.java:94)\n\tat util.Logger.assertWithStatus(Logger.java:15)\n\tat controller.ActionController.getAttributeValue(ActionController.java:138)\n\tat pages.MyEventsPage.enableWebApp(MyEventsPage.java:59)\n\tat com.browserstack.DemoTest.postToWebAppWall(DemoTest.java:31)\n\tat java.base/jdk.internal.reflect.NativeMethodAccessorImpl.invoke0(Native Method)\n\tat java.base/jdk.internal.reflect.NativeMethodAccessorImpl.invoke(NativeMethodAccessorImpl.java:62)\n\tat java.base/jdk.internal.reflect.DelegatingMethodAccessorImpl.invoke(DelegatingMethodAccessorImpl.java:43)\n\tat java.base/java.lang.reflect.Method.invoke(Method.java:566)\n\tat org.testng.internal.MethodInvocationHelper.invokeMethod(MethodInvocationHelper.java:86)\n\tat org.testng.internal.Invoker.invokeMethod(Invoker.java:643)\n\tat org.testng.internal.Invoker.invokeTestMethod(Invoker.java:820)\n\tat org.testng.internal.Invoker.invokeTestMethods(Invoker.java:1128)\n\tat org.testng.internal.TestMethodWorker.invokeTestMethods(TestMethodWorker.java:129)\n\tat org.testng.internal.TestMethodWorker.run(TestMethodWorker.java:112)\n\tat org.testng.TestRunner.privateRun(TestRunner.java:782)\n\tat org.testng.TestRunner.run(TestRunner.java:632)\n\tat org.testng.SuiteRunner.runTest(SuiteRunner.java:366)\n\tat org.testng.SuiteRunner.runSequentially(SuiteRunner.java:361)\n\tat org.testng.SuiteRunner.privateRun(SuiteRunner.java:319)\n\tat org.testng.SuiteRunner.run(SuiteRunner.java:268)\n\tat org.testng.SuiteRunnerWorker.runSuite(SuiteRunnerWorker.java:52)\n\tat org.testng.SuiteRunnerWorker.run(SuiteRunnerWorker.java:86)\n\tat org.testng.TestNG.runSuitesSequentially(TestNG.java:1244)\n\tat org.testng.TestNG.runSuitesLocally(TestNG.java:1169)\n\tat org.testng.TestNG.run(TestNG.java:1064)\n\tat org.apache.maven.surefire.testng.TestNGExecutor.run(TestNGExecutor.java:283)\n\tat org.apache.maven.surefire.testng.TestNGXmlTestSuite.execute(TestNGXmlTestSuite.java:75)\n\tat org.apache.maven.surefire.testng.TestNGProvider.invoke(TestNGProvider.java:120)\n\tat org.apache.maven.surefire.booter.ForkedBooter.invokeProviderInSameClassLoader(ForkedBooter.java:386)\n\tat org.apache.maven.surefire.booter.ForkedBooter.runSuitesInProcess(ForkedBooter.java:323)\n\tat org.apache.maven.surefire.booter.ForkedBooter.main(ForkedBooter.java:143)\n",
    "steps" : [ {
      "name" : "Open url",
      "time" : {
        "start" : 1643188268479,
        "stop" : 1643188272653,
        "duration" : 4174
      },
      "status" : "passed",
      "steps" : [ {
        "name" : "Go to url",
        "time" : {
          "start" : 1643188268480,
          "stop" : 1643188272652,
          "duration" : 4172
        },
        "status" : "passed",
        "steps" : [ ],
        "attachments" : [ ],
        "parameters" : [ {
          "name" : "url",
          "value" : "https://staging.platform.socio.events/signup"
        } ],
        "stepsCount" : 0,
        "attachmentsCount" : 0,
        "shouldDisplayMessage" : false,
        "hasContent" : true
      } ],
      "attachments" : [ ],
      "parameters" : [ {
        "name" : "url",
        "value" : "https://staging.platform.socio.events/signup"
      } ],
      "stepsCount" : 1,
      "attachmentsCount" : 0,
      "shouldDisplayMessage" : false,
      "hasContent" : true
    }, {
      "name" : "Login with credentials",
      "time" : {
        "start" : 1643188272668,
        "stop" : 1643188275724,
        "duration" : 3056
      },
      "status" : "passed",
      "steps" : [ {
        "name" : "Click element",
        "time" : {
          "start" : 1643188272669,
          "stop" : 1643188273771,
          "duration" : 1102
        },
        "status" : "passed",
        "steps" : [ ],
        "attachments" : [ ],
        "parameters" : [ {
          "name" : "by",
          "value" : "By.xpath: //*[@data-testid=\"linkLogin\"]"
        } ],
        "stepsCount" : 0,
        "attachmentsCount" : 0,
        "shouldDisplayMessage" : false,
        "hasContent" : true
      }, {
        "name" : "Fill input field",
        "time" : {
          "start" : 1643188273771,
          "stop" : 1643188274806,
          "duration" : 1035
        },
        "status" : "passed",
        "steps" : [ ],
        "attachments" : [ ],
        "parameters" : [ {
          "name" : "by",
          "value" : "By.xpath: //*[@data-testid=\"inputEmail\"]"
        }, {
          "name" : "data",
          "value" : "testautomation@socio.events"
        } ],
        "stepsCount" : 0,
        "attachmentsCount" : 0,
        "shouldDisplayMessage" : false,
        "hasContent" : true
      }, {
        "name" : "Fill input field",
        "time" : {
          "start" : 1643188274806,
          "stop" : 1643188275203,
          "duration" : 397
        },
        "status" : "passed",
        "steps" : [ ],
        "attachments" : [ ],
        "parameters" : [ {
          "name" : "by",
          "value" : "By.xpath: //*[@data-testid=\"inputPassword\"]"
        }, {
          "name" : "data",
          "value" : "ta12345"
        } ],
        "stepsCount" : 0,
        "attachmentsCount" : 0,
        "shouldDisplayMessage" : false,
        "hasContent" : true
      }, {
        "name" : "Click element",
        "time" : {
          "start" : 1643188275204,
          "stop" : 1643188275715,
          "duration" : 511
        },
        "status" : "passed",
        "steps" : [ ],
        "attachments" : [ ],
        "parameters" : [ {
          "name" : "by",
          "value" : "By.xpath: //*[@data-testid=\"btnLogin\"]"
        } ],
        "stepsCount" : 0,
        "attachmentsCount" : 0,
        "shouldDisplayMessage" : false,
        "hasContent" : true
      } ],
      "attachments" : [ ],
      "parameters" : [ {
        "name" : "mail",
        "value" : "testautomation@socio.events"
      }, {
        "name" : "pass",
        "value" : "ta12345"
      } ],
      "stepsCount" : 4,
      "attachmentsCount" : 0,
      "shouldDisplayMessage" : false,
      "hasContent" : true
    }, {
      "name" : "Open my events",
      "time" : {
        "start" : 1643188275725,
        "stop" : 1643188277544,
        "duration" : 1819
      },
      "status" : "passed",
      "steps" : [ ],
      "attachments" : [ ],
      "parameters" : [ ],
      "stepsCount" : 0,
      "attachmentsCount" : 0,
      "shouldDisplayMessage" : false,
      "hasContent" : false
    }, {
      "name" : "Open event",
      "time" : {
        "start" : 1643188277545,
        "stop" : 1643188281008,
        "duration" : 3463
      },
      "status" : "passed",
      "steps" : [ ],
      "attachments" : [ ],
      "parameters" : [ {
        "name" : "eventName",
        "value" : "Test Automation Assessment Event"
      } ],
      "stepsCount" : 0,
      "attachmentsCount" : 0,
      "shouldDisplayMessage" : false,
      "hasContent" : true
    }, {
      "name" : "Open event web app tab",
      "time" : {
        "start" : 1643188281009,
        "stop" : 1643188284145,
        "duration" : 3136
      },
      "status" : "passed",
      "steps" : [ {
        "name" : "Click element",
        "time" : {
          "start" : 1643188282198,
          "stop" : 1643188284145,
          "duration" : 1947
        },
        "status" : "passed",
        "steps" : [ ],
        "attachments" : [ ],
        "parameters" : [ {
          "name" : "by",
          "value" : "By.xpath: //*[@id=\"rs-wrapper\"]/aside //*[contains(text(),'Web App')]"
        } ],
        "stepsCount" : 0,
        "attachmentsCount" : 0,
        "shouldDisplayMessage" : false,
        "hasContent" : true
      } ],
      "attachments" : [ ],
      "parameters" : [ ],
      "stepsCount" : 1,
      "attachmentsCount" : 0,
      "shouldDisplayMessage" : false,
      "hasContent" : true
    }, {
      "name" : "Enable web app",
      "time" : {
        "start" : 1643188284146,
        "stop" : 1643188285220,
        "duration" : 1074
      },
      "status" : "failed",
      "statusMessage" : "Could not get attribute of element || Locator =>By.xpath: //*[contains(@class,'bootstrap-switch wrapper')]Error : org.openqa.selenium.StaleElementReferenceException: stale element reference (WARNING: The server did not provide any stacktrace information)\nCommand duration or timeout: 0 milliseconds\nFor documentation on this error, please visit: https://www.seleniumhq.org/exceptions/stale_element_reference.html\nBuild info: version: '3.141.59', revision: 'e82be7d358', time: '2018-11-14T08:17:03'\nSystem info: host: 'fv-az128-108', ip: '10.1.0.136', os.name: 'Linux', os.arch: 'amd64', os.version: '5.11.0-1027-azure', java.version: '11.0.13'\nDriver info: org.openqa.selenium.remote.RemoteWebDriver\nCapabilities {acceptInsecureCerts: false, acceptSslCerts: false, applicationCacheEnabled: false, browserConnectionEnabled: false, browserName: chrome, chrome: {chromedriverVersion: 84.0.4147.30 (48b3e868b4cc0..., userDataDir: C:\\Windows\\proxy\\scoped_dir...}, cssSelectorsEnabled: true, databaseEnabled: false, goog:chromeOptions: {debuggerAddress: localhost:6410}, handlesAlerts: true, hasTouchScreen: false, javascriptEnabled: true, locationContextEnabled: true, mobileEmulationEnabled: false, nativeEvents: true, networkConnectionEnabled: false, pageLoadStrategy: normal, platform: WINDOWS, platformName: WINDOWS, rotatable: false, setWindowRect: true, strictFileInteractability: false, takesHeapSnapshot: true, takesScreenshot: true, timeouts: {implicit: 0, pageLoad: 300000, script: 30000}, unexpectedAlertBehaviour: ignore, unhandledPromptBehavior: ignore, version: 84.0.4147.89, webStorageEnabled: true, webauthn:virtualAuthenticators: true, webdriver.remote.sessionid: 5b45b08b86fbac6f81b0747b133...}\nSession ID: 5b45b08b86fbac6f81b0747b1335addbd3eb528a",
      "statusTrace" : "java.lang.AssertionError: Could not get attribute of element || Locator =>By.xpath: //*[contains(@class,'bootstrap-switch wrapper')]Error : org.openqa.selenium.StaleElementReferenceException: stale element reference (WARNING: The server did not provide any stacktrace information)\nCommand duration or timeout: 0 milliseconds\nFor documentation on this error, please visit: https://www.seleniumhq.org/exceptions/stale_element_reference.html\nBuild info: version: '3.141.59', revision: 'e82be7d358', time: '2018-11-14T08:17:03'\nSystem info: host: 'fv-az128-108', ip: '10.1.0.136', os.name: 'Linux', os.arch: 'amd64', os.version: '5.11.0-1027-azure', java.version: '11.0.13'\nDriver info: org.openqa.selenium.remote.RemoteWebDriver\nCapabilities {acceptInsecureCerts: false, acceptSslCerts: false, applicationCacheEnabled: false, browserConnectionEnabled: false, browserName: chrome, chrome: {chromedriverVersion: 84.0.4147.30 (48b3e868b4cc0..., userDataDir: C:\\Windows\\proxy\\scoped_dir...}, cssSelectorsEnabled: true, databaseEnabled: false, goog:chromeOptions: {debuggerAddress: localhost:6410}, handlesAlerts: true, hasTouchScreen: false, javascriptEnabled: true, locationContextEnabled: true, mobileEmulationEnabled: false, nativeEvents: true, networkConnectionEnabled: false, pageLoadStrategy: normal, platform: WINDOWS, platformName: WINDOWS, rotatable: false, setWindowRect: true, strictFileInteractability: false, takesHeapSnapshot: true, takesScreenshot: true, timeouts: {implicit: 0, pageLoad: 300000, script: 30000}, unexpectedAlertBehaviour: ignore, unhandledPromptBehavior: ignore, version: 84.0.4147.89, webStorageEnabled: true, webauthn:virtualAuthenticators: true, webdriver.remote.sessionid: 5b45b08b86fbac6f81b0747b133...}\nSession ID: 5b45b08b86fbac6f81b0747b1335addbd3eb528a\n\tat org.testng.Assert.fail(Assert.java:94)\n\tat util.Logger.assertWithStatus(Logger.java:15)\n\tat controller.ActionController.getAttributeValue(ActionController.java:138)\n\tat pages.MyEventsPage.enableWebApp(MyEventsPage.java:59)\n\tat com.browserstack.DemoTest.postToWebAppWall(DemoTest.java:31)\n\tat java.base/jdk.internal.reflect.NativeMethodAccessorImpl.invoke0(Native Method)\n\tat java.base/jdk.internal.reflect.NativeMethodAccessorImpl.invoke(NativeMethodAccessorImpl.java:62)\n\tat java.base/jdk.internal.reflect.DelegatingMethodAccessorImpl.invoke(DelegatingMethodAccessorImpl.java:43)\n\tat java.base/java.lang.reflect.Method.invoke(Method.java:566)\n\tat org.testng.internal.MethodInvocationHelper.invokeMethod(MethodInvocationHelper.java:86)\n\tat org.testng.internal.Invoker.invokeMethod(Invoker.java:643)\n\tat org.testng.internal.Invoker.invokeTestMethod(Invoker.java:820)\n\tat org.testng.internal.Invoker.invokeTestMethods(Invoker.java:1128)\n\tat org.testng.internal.TestMethodWorker.invokeTestMethods(TestMethodWorker.java:129)\n\tat org.testng.internal.TestMethodWorker.run(TestMethodWorker.java:112)\n\tat org.testng.TestRunner.privateRun(TestRunner.java:782)\n\tat org.testng.TestRunner.run(TestRunner.java:632)\n\tat org.testng.SuiteRunner.runTest(SuiteRunner.java:366)\n\tat org.testng.SuiteRunner.runSequentially(SuiteRunner.java:361)\n\tat org.testng.SuiteRunner.privateRun(SuiteRunner.java:319)\n\tat org.testng.SuiteRunner.run(SuiteRunner.java:268)\n\tat org.testng.SuiteRunnerWorker.runSuite(SuiteRunnerWorker.java:52)\n\tat org.testng.SuiteRunnerWorker.run(SuiteRunnerWorker.java:86)\n\tat org.testng.TestNG.runSuitesSequentially(TestNG.java:1244)\n\tat org.testng.TestNG.runSuitesLocally(TestNG.java:1169)\n\tat org.testng.TestNG.run(TestNG.java:1064)\n\tat org.apache.maven.surefire.testng.TestNGExecutor.run(TestNGExecutor.java:283)\n\tat org.apache.maven.surefire.testng.TestNGXmlTestSuite.execute(TestNGXmlTestSuite.java:75)\n\tat org.apache.maven.surefire.testng.TestNGProvider.invoke(TestNGProvider.java:120)\n\tat org.apache.maven.surefire.booter.ForkedBooter.invokeProviderInSameClassLoader(ForkedBooter.java:386)\n\tat org.apache.maven.surefire.booter.ForkedBooter.runSuitesInProcess(ForkedBooter.java:323)\n\tat org.apache.maven.surefire.booter.ForkedBooter.main(ForkedBooter.java:143)\n",
      "steps" : [ {
        "name" : "Get attribute value",
        "time" : {
          "start" : 1643188284146,
          "stop" : 1643188285220,
          "duration" : 1074
        },
        "status" : "failed",
        "statusMessage" : "Could not get attribute of element || Locator =>By.xpath: //*[contains(@class,'bootstrap-switch wrapper')]Error : org.openqa.selenium.StaleElementReferenceException: stale element reference (WARNING: The server did not provide any stacktrace information)\nCommand duration or timeout: 0 milliseconds\nFor documentation on this error, please visit: https://www.seleniumhq.org/exceptions/stale_element_reference.html\nBuild info: version: '3.141.59', revision: 'e82be7d358', time: '2018-11-14T08:17:03'\nSystem info: host: 'fv-az128-108', ip: '10.1.0.136', os.name: 'Linux', os.arch: 'amd64', os.version: '5.11.0-1027-azure', java.version: '11.0.13'\nDriver info: org.openqa.selenium.remote.RemoteWebDriver\nCapabilities {acceptInsecureCerts: false, acceptSslCerts: false, applicationCacheEnabled: false, browserConnectionEnabled: false, browserName: chrome, chrome: {chromedriverVersion: 84.0.4147.30 (48b3e868b4cc0..., userDataDir: C:\\Windows\\proxy\\scoped_dir...}, cssSelectorsEnabled: true, databaseEnabled: false, goog:chromeOptions: {debuggerAddress: localhost:6410}, handlesAlerts: true, hasTouchScreen: false, javascriptEnabled: true, locationContextEnabled: true, mobileEmulationEnabled: false, nativeEvents: true, networkConnectionEnabled: false, pageLoadStrategy: normal, platform: WINDOWS, platformName: WINDOWS, rotatable: false, setWindowRect: true, strictFileInteractability: false, takesHeapSnapshot: true, takesScreenshot: true, timeouts: {implicit: 0, pageLoad: 300000, script: 30000}, unexpectedAlertBehaviour: ignore, unhandledPromptBehavior: ignore, version: 84.0.4147.89, webStorageEnabled: true, webauthn:virtualAuthenticators: true, webdriver.remote.sessionid: 5b45b08b86fbac6f81b0747b133...}\nSession ID: 5b45b08b86fbac6f81b0747b1335addbd3eb528a",
        "statusTrace" : "java.lang.AssertionError: Could not get attribute of element || Locator =>By.xpath: //*[contains(@class,'bootstrap-switch wrapper')]Error : org.openqa.selenium.StaleElementReferenceException: stale element reference (WARNING: The server did not provide any stacktrace information)\nCommand duration or timeout: 0 milliseconds\nFor documentation on this error, please visit: https://www.seleniumhq.org/exceptions/stale_element_reference.html\nBuild info: version: '3.141.59', revision: 'e82be7d358', time: '2018-11-14T08:17:03'\nSystem info: host: 'fv-az128-108', ip: '10.1.0.136', os.name: 'Linux', os.arch: 'amd64', os.version: '5.11.0-1027-azure', java.version: '11.0.13'\nDriver info: org.openqa.selenium.remote.RemoteWebDriver\nCapabilities {acceptInsecureCerts: false, acceptSslCerts: false, applicationCacheEnabled: false, browserConnectionEnabled: false, browserName: chrome, chrome: {chromedriverVersion: 84.0.4147.30 (48b3e868b4cc0..., userDataDir: C:\\Windows\\proxy\\scoped_dir...}, cssSelectorsEnabled: true, databaseEnabled: false, goog:chromeOptions: {debuggerAddress: localhost:6410}, handlesAlerts: true, hasTouchScreen: false, javascriptEnabled: true, locationContextEnabled: true, mobileEmulationEnabled: false, nativeEvents: true, networkConnectionEnabled: false, pageLoadStrategy: normal, platform: WINDOWS, platformName: WINDOWS, rotatable: false, setWindowRect: true, strictFileInteractability: false, takesHeapSnapshot: true, takesScreenshot: true, timeouts: {implicit: 0, pageLoad: 300000, script: 30000}, unexpectedAlertBehaviour: ignore, unhandledPromptBehavior: ignore, version: 84.0.4147.89, webStorageEnabled: true, webauthn:virtualAuthenticators: true, webdriver.remote.sessionid: 5b45b08b86fbac6f81b0747b133...}\nSession ID: 5b45b08b86fbac6f81b0747b1335addbd3eb528a\n\tat org.testng.Assert.fail(Assert.java:94)\n\tat util.Logger.assertWithStatus(Logger.java:15)\n\tat controller.ActionController.getAttributeValue(ActionController.java:138)\n\tat pages.MyEventsPage.enableWebApp(MyEventsPage.java:59)\n\tat com.browserstack.DemoTest.postToWebAppWall(DemoTest.java:31)\n\tat java.base/jdk.internal.reflect.NativeMethodAccessorImpl.invoke0(Native Method)\n\tat java.base/jdk.internal.reflect.NativeMethodAccessorImpl.invoke(NativeMethodAccessorImpl.java:62)\n\tat java.base/jdk.internal.reflect.DelegatingMethodAccessorImpl.invoke(DelegatingMethodAccessorImpl.java:43)\n\tat java.base/java.lang.reflect.Method.invoke(Method.java:566)\n\tat org.testng.internal.MethodInvocationHelper.invokeMethod(MethodInvocationHelper.java:86)\n\tat org.testng.internal.Invoker.invokeMethod(Invoker.java:643)\n\tat org.testng.internal.Invoker.invokeTestMethod(Invoker.java:820)\n\tat org.testng.internal.Invoker.invokeTestMethods(Invoker.java:1128)\n\tat org.testng.internal.TestMethodWorker.invokeTestMethods(TestMethodWorker.java:129)\n\tat org.testng.internal.TestMethodWorker.run(TestMethodWorker.java:112)\n\tat org.testng.TestRunner.privateRun(TestRunner.java:782)\n\tat org.testng.TestRunner.run(TestRunner.java:632)\n\tat org.testng.SuiteRunner.runTest(SuiteRunner.java:366)\n\tat org.testng.SuiteRunner.runSequentially(SuiteRunner.java:361)\n\tat org.testng.SuiteRunner.privateRun(SuiteRunner.java:319)\n\tat org.testng.SuiteRunner.run(SuiteRunner.java:268)\n\tat org.testng.SuiteRunnerWorker.runSuite(SuiteRunnerWorker.java:52)\n\tat org.testng.SuiteRunnerWorker.run(SuiteRunnerWorker.java:86)\n\tat org.testng.TestNG.runSuitesSequentially(TestNG.java:1244)\n\tat org.testng.TestNG.runSuitesLocally(TestNG.java:1169)\n\tat org.testng.TestNG.run(TestNG.java:1064)\n\tat org.apache.maven.surefire.testng.TestNGExecutor.run(TestNGExecutor.java:283)\n\tat org.apache.maven.surefire.testng.TestNGXmlTestSuite.execute(TestNGXmlTestSuite.java:75)\n\tat org.apache.maven.surefire.testng.TestNGProvider.invoke(TestNGProvider.java:120)\n\tat org.apache.maven.surefire.booter.ForkedBooter.invokeProviderInSameClassLoader(ForkedBooter.java:386)\n\tat org.apache.maven.surefire.booter.ForkedBooter.runSuitesInProcess(ForkedBooter.java:323)\n\tat org.apache.maven.surefire.booter.ForkedBooter.main(ForkedBooter.java:143)\n",
        "steps" : [ ],
        "attachments" : [ ],
        "parameters" : [ {
          "name" : "by",
          "value" : "By.xpath: //*[contains(@class,'bootstrap-switch wrapper')]"
        }, {
          "name" : "attribute",
          "value" : "class"
        } ],
        "stepsCount" : 0,
        "attachmentsCount" : 0,
        "shouldDisplayMessage" : true,
        "hasContent" : true
      } ],
      "attachments" : [ ],
      "parameters" : [ ],
      "stepsCount" : 1,
      "attachmentsCount" : 0,
      "shouldDisplayMessage" : false,
      "hasContent" : true
    } ],
    "attachments" : [ ],
    "parameters" : [ ],
    "stepsCount" : 13,
    "attachmentsCount" : 0,
    "shouldDisplayMessage" : false,
    "hasContent" : true
  },
  "afterStages" : [ {
    "name" : "tearDown",
    "time" : {
      "start" : 1643188285248,
      "stop" : 1643188288589,
      "duration" : 3341
    },
    "description" : "",
    "status" : "passed",
    "steps" : [ ],
    "attachments" : [ ],
    "parameters" : [ ],
    "stepsCount" : 0,
    "attachmentsCount" : 0,
    "shouldDisplayMessage" : false,
    "hasContent" : false
  } ],
  "labels" : [ {
    "name" : "package",
    "value" : "com.browserstack.DemoTest"
  }, {
    "name" : "testClass",
    "value" : "com.browserstack.DemoTest"
  }, {
    "name" : "testMethod",
    "value" : "postToWebAppWall"
  }, {
    "name" : "parentSuite",
    "value" : "Single"
  }, {
    "name" : "suite",
    "value" : "SingleTest"
  }, {
    "name" : "subSuite",
    "value" : "com.browserstack.DemoTest"
  }, {
    "name" : "host",
    "value" : "fv-az128-108"
  }, {
    "name" : "thread",
    "value" : "2941@fv-az128-108.main(1)"
  }, {
    "name" : "framework",
    "value" : "testng"
  }, {
    "name" : "language",
    "value" : "java"
  }, {
    "name" : "resultFormat",
    "value" : "allure2"
  } ],
  "parameters" : [ {
    "name" : "config",
    "value" : "single.conf.json"
  }, {
    "name" : "environment",
    "value" : "chrome"
  } ],
  "links" : [ ],
  "hidden" : false,
  "retry" : false,
  "extra" : {
    "severity" : "normal",
    "retries" : [ ],
    "categories" : [ {
      "name" : "Product defects",
      "matchedStatuses" : [ ],
      "flaky" : false
    } ],
    "history" : {
      "statistic" : {
        "failed" : 3,
        "broken" : 0,
        "skipped" : 0,
        "passed" : 0,
        "unknown" : 0,
        "total" : 3
      },
      "items" : [ {
        "uid" : "c729aa1e99feedb1",
        "reportUrl" : "https://eyyupbagdas.github.io/socio-demo/9//#testresult/c729aa1e99feedb1",
        "status" : "failed",
        "statusDetails" : "Could not find element || Element Locator =>By.xpath: //*[contains(@class,'radio-custom')] //*[contains(text(),'Log In')] /parent::label Error : org.openqa.selenium.TimeoutException: Expected condition failed: waiting for presence of element located by: By.xpath: //*[contains(@class,'radio-custom')] //*[contains(text(),'Log In')] /parent::label (tried for 30 second(s) with 500 milliseconds interval)",
        "time" : {
          "start" : 1643186899696,
          "stop" : 1643186950402,
          "duration" : 50706
        }
      }, {
        "uid" : "351bb626a14ba71e",
        "reportUrl" : "https://eyyupbagdas.github.io/socio-demo/8//#testresult/351bb626a14ba71e",
        "status" : "failed",
        "statusDetails" : "Could not find element || Element Locator =>By.xpath: //*[contains(@class,'radio-custom')] //*[contains(text(),'Log In')] /parent::label Error : org.openqa.selenium.TimeoutException: Expected condition failed: waiting for presence of element located by: By.xpath: //*[contains(@class,'radio-custom')] //*[contains(text(),'Log In')] /parent::label (tried for 30 second(s) with 500 milliseconds interval)",
        "time" : {
          "start" : 1643186290414,
          "stop" : 1643186337514,
          "duration" : 47100
        }
      } ]
    },
    "tags" : [ ]
  },
  "source" : "730beb1f56fc2066.json",
  "parameterValues" : [ "single.conf.json", "chrome" ]
}