{
  "uid" : "2e16a72858ab4c2c",
  "name" : "test1",
  "fullName" : "com.browserstack.DemoTest.test1",
  "historyId" : "1d1831643a973eac86850ec1ad2a6e66",
  "time" : {
    "start" : 1643310060832,
    "stop" : 1643310118527,
    "duration" : 57695
  },
  "descriptionHtml" : "<!DOCTYPE html><html><body><video width='400' controls><source src='https://automate.browserstack.com/sessions/3d150b8be12d642bc86e8e1986677360534e6762/video?token=Y3o4ZE94OGhzSnFLdVpiOFpmdWxBUnBWZTNXdFhhRk1ndzAzdHJvNURVYUNpU1luNkJ3Vi9vaWFNaGxlZmpmbENuSFpuRC9PNzRmK1pMNmprcUZGdUE9PS0tUWl5Z1JWa0NLa1pKdUtSeE82VTlWZz09--88205b7b3425965907e28e2d5f2bf2ae860d331f&source=rest_api&diff=-1' type='video/mp4'></video></body></html>",
  "status" : "failed",
  "statusMessage" : "Could not find element || Element Locator =>By.xpath: //*[@data-testid=\"btnLogina\"] Error : org.openqa.selenium.TimeoutException: Expected condition failed: waiting for presence of element located by: By.xpath: //*[@data-testid=\"btnLogina\"] (tried for 30 second(s) with 500 milliseconds interval)",
  "statusTrace" : "java.lang.AssertionError: Could not find element || Element Locator =>By.xpath: //*[@data-testid=\"btnLogina\"] Error : org.openqa.selenium.TimeoutException: Expected condition failed: waiting for presence of element located by: By.xpath: //*[@data-testid=\"btnLogina\"] (tried for 30 second(s) with 500 milliseconds interval)\n\tat org.testng.Assert.fail(Assert.java:94)\n\tat util.Logger.assertWithStatus(Logger.java:15)\n\tat controller.ElementController.getElement(ElementController.java:25)\n\tat controller.ActionController.clickElement(ActionController.java:44)\n\tat pages.LoginPage.loginWithCredentials(LoginPage.java:18)\n\tat com.browserstack.DemoTest.test1(DemoTest.java:76)\n\tat java.base/jdk.internal.reflect.NativeMethodAccessorImpl.invoke0(Native Method)\n\tat java.base/jdk.internal.reflect.NativeMethodAccessorImpl.invoke(NativeMethodAccessorImpl.java:78)\n\tat java.base/jdk.internal.reflect.DelegatingMethodAccessorImpl.invoke(DelegatingMethodAccessorImpl.java:43)\n\tat java.base/java.lang.reflect.Method.invoke(Method.java:567)\n\tat org.testng.internal.MethodInvocationHelper.invokeMethod(MethodInvocationHelper.java:86)\n\tat org.testng.internal.Invoker.invokeMethod(Invoker.java:643)\n\tat org.testng.internal.Invoker.invokeTestMethod(Invoker.java:820)\n\tat org.testng.internal.Invoker.invokeTestMethods(Invoker.java:1128)\n\tat org.testng.internal.TestMethodWorker.invokeTestMethods(TestMethodWorker.java:129)\n\tat org.testng.internal.TestMethodWorker.run(TestMethodWorker.java:112)\n\tat org.testng.TestRunner.privateRun(TestRunner.java:782)\n\tat org.testng.TestRunner.run(TestRunner.java:632)\n\tat org.testng.SuiteRunner.runTest(SuiteRunner.java:366)\n\tat org.testng.SuiteRunner.runSequentially(SuiteRunner.java:361)\n\tat org.testng.SuiteRunner.privateRun(SuiteRunner.java:319)\n\tat org.testng.SuiteRunner.run(SuiteRunner.java:268)\n\tat org.testng.SuiteRunnerWorker.runSuite(SuiteRunnerWorker.java:52)\n\tat org.testng.SuiteRunnerWorker.run(SuiteRunnerWorker.java:86)\n\tat org.testng.TestNG.runSuitesSequentially(TestNG.java:1244)\n\tat org.testng.TestNG.runSuitesLocally(TestNG.java:1169)\n\tat org.testng.TestNG.run(TestNG.java:1064)\n\tat org.apache.maven.surefire.testng.TestNGExecutor.run(TestNGExecutor.java:283)\n\tat org.apache.maven.surefire.testng.TestNGXmlTestSuite.execute(TestNGXmlTestSuite.java:75)\n\tat org.apache.maven.surefire.testng.TestNGProvider.invoke(TestNGProvider.java:120)\n\tat org.apache.maven.surefire.booter.ForkedBooter.invokeProviderInSameClassLoader(ForkedBooter.java:386)\n\tat org.apache.maven.surefire.booter.ForkedBooter.runSuitesInProcess(ForkedBooter.java:323)\n\tat org.apache.maven.surefire.booter.ForkedBooter.main(ForkedBooter.java:143)\n",
  "flaky" : false,
  "newFailed" : false,
  "beforeStages" : [ {
    "name" : "setUp",
    "time" : {
      "start" : 1643310052559,
      "stop" : 1643310060828,
      "duration" : 8269
    },
    "description" : "",
    "status" : "passed",
    "steps" : [ ],
    "attachments" : [ ],
    "parameters" : [ ],
    "stepsCount" : 0,
    "attachmentsCount" : 0,
    "shouldDisplayMessage" : false,
    "hasContent" : false
  } ],
  "testStage" : {
    "descriptionHtml" : "<!DOCTYPE html><html><body><video width='400' controls><source src='https://automate.browserstack.com/sessions/3d150b8be12d642bc86e8e1986677360534e6762/video?token=Y3o4ZE94OGhzSnFLdVpiOFpmdWxBUnBWZTNXdFhhRk1ndzAzdHJvNURVYUNpU1luNkJ3Vi9vaWFNaGxlZmpmbENuSFpuRC9PNzRmK1pMNmprcUZGdUE9PS0tUWl5Z1JWa0NLa1pKdUtSeE82VTlWZz09--88205b7b3425965907e28e2d5f2bf2ae860d331f&source=rest_api&diff=-1' type='video/mp4'></video></body></html>",
    "status" : "failed",
    "statusMessage" : "Could not find element || Element Locator =>By.xpath: //*[@data-testid=\"btnLogina\"] Error : org.openqa.selenium.TimeoutException: Expected condition failed: waiting for presence of element located by: By.xpath: //*[@data-testid=\"btnLogina\"] (tried for 30 second(s) with 500 milliseconds interval)",
    "statusTrace" : "java.lang.AssertionError: Could not find element || Element Locator =>By.xpath: //*[@data-testid=\"btnLogina\"] Error : org.openqa.selenium.TimeoutException: Expected condition failed: waiting for presence of element located by: By.xpath: //*[@data-testid=\"btnLogina\"] (tried for 30 second(s) with 500 milliseconds interval)\n\tat org.testng.Assert.fail(Assert.java:94)\n\tat util.Logger.assertWithStatus(Logger.java:15)\n\tat controller.ElementController.getElement(ElementController.java:25)\n\tat controller.ActionController.clickElement(ActionController.java:44)\n\tat pages.LoginPage.loginWithCredentials(LoginPage.java:18)\n\tat com.browserstack.DemoTest.test1(DemoTest.java:76)\n\tat java.base/jdk.internal.reflect.NativeMethodAccessorImpl.invoke0(Native Method)\n\tat java.base/jdk.internal.reflect.NativeMethodAccessorImpl.invoke(NativeMethodAccessorImpl.java:78)\n\tat java.base/jdk.internal.reflect.DelegatingMethodAccessorImpl.invoke(DelegatingMethodAccessorImpl.java:43)\n\tat java.base/java.lang.reflect.Method.invoke(Method.java:567)\n\tat org.testng.internal.MethodInvocationHelper.invokeMethod(MethodInvocationHelper.java:86)\n\tat org.testng.internal.Invoker.invokeMethod(Invoker.java:643)\n\tat org.testng.internal.Invoker.invokeTestMethod(Invoker.java:820)\n\tat org.testng.internal.Invoker.invokeTestMethods(Invoker.java:1128)\n\tat org.testng.internal.TestMethodWorker.invokeTestMethods(TestMethodWorker.java:129)\n\tat org.testng.internal.TestMethodWorker.run(TestMethodWorker.java:112)\n\tat org.testng.TestRunner.privateRun(TestRunner.java:782)\n\tat org.testng.TestRunner.run(TestRunner.java:632)\n\tat org.testng.SuiteRunner.runTest(SuiteRunner.java:366)\n\tat org.testng.SuiteRunner.runSequentially(SuiteRunner.java:361)\n\tat org.testng.SuiteRunner.privateRun(SuiteRunner.java:319)\n\tat org.testng.SuiteRunner.run(SuiteRunner.java:268)\n\tat org.testng.SuiteRunnerWorker.runSuite(SuiteRunnerWorker.java:52)\n\tat org.testng.SuiteRunnerWorker.run(SuiteRunnerWorker.java:86)\n\tat org.testng.TestNG.runSuitesSequentially(TestNG.java:1244)\n\tat org.testng.TestNG.runSuitesLocally(TestNG.java:1169)\n\tat org.testng.TestNG.run(TestNG.java:1064)\n\tat org.apache.maven.surefire.testng.TestNGExecutor.run(TestNGExecutor.java:283)\n\tat org.apache.maven.surefire.testng.TestNGXmlTestSuite.execute(TestNGXmlTestSuite.java:75)\n\tat org.apache.maven.surefire.testng.TestNGProvider.invoke(TestNGProvider.java:120)\n\tat org.apache.maven.surefire.booter.ForkedBooter.invokeProviderInSameClassLoader(ForkedBooter.java:386)\n\tat org.apache.maven.surefire.booter.ForkedBooter.runSuitesInProcess(ForkedBooter.java:323)\n\tat org.apache.maven.surefire.booter.ForkedBooter.main(ForkedBooter.java:143)\n",
    "steps" : [ {
      "name" : "Open url",
      "time" : {
        "start" : 1643310060832,
        "stop" : 1643310082976,
        "duration" : 22144
      },
      "status" : "passed",
      "steps" : [ {
        "name" : "Go to url",
        "time" : {
          "start" : 1643310060833,
          "stop" : 1643310082976,
          "duration" : 22143
        },
        "status" : "passed",
        "steps" : [ ],
        "attachments" : [ ],
        "parameters" : [ {
          "name" : "url",
          "value" : "https://staging.platform.socio.events/signup"
        } ],
        "stepsCount" : 0,
        "attachmentsCount" : 0,
        "shouldDisplayMessage" : false,
        "hasContent" : true
      } ],
      "attachments" : [ ],
      "parameters" : [ {
        "name" : "url",
        "value" : "https://staging.platform.socio.events/signup"
      } ],
      "stepsCount" : 1,
      "attachmentsCount" : 0,
      "shouldDisplayMessage" : false,
      "hasContent" : true
    }, {
      "name" : "Login with credentials",
      "time" : {
        "start" : 1643310082988,
        "stop" : 1643310116361,
        "duration" : 33373
      },
      "status" : "failed",
      "statusMessage" : "Could not find element || Element Locator =>By.xpath: //*[@data-testid=\"btnLogina\"] Error : org.openqa.selenium.TimeoutException: Expected condition failed: waiting for presence of element located by: By.xpath: //*[@data-testid=\"btnLogina\"] (tried for 30 second(s) with 500 milliseconds interval)",
      "statusTrace" : "java.lang.AssertionError: Could not find element || Element Locator =>By.xpath: //*[@data-testid=\"btnLogina\"] Error : org.openqa.selenium.TimeoutException: Expected condition failed: waiting for presence of element located by: By.xpath: //*[@data-testid=\"btnLogina\"] (tried for 30 second(s) with 500 milliseconds interval)\n\tat org.testng.Assert.fail(Assert.java:94)\n\tat util.Logger.assertWithStatus(Logger.java:15)\n\tat controller.ElementController.getElement(ElementController.java:25)\n\tat controller.ActionController.clickElement(ActionController.java:44)\n\tat pages.LoginPage.loginWithCredentials(LoginPage.java:18)\n\tat com.browserstack.DemoTest.test1(DemoTest.java:76)\n\tat java.base/jdk.internal.reflect.NativeMethodAccessorImpl.invoke0(Native Method)\n\tat java.base/jdk.internal.reflect.NativeMethodAccessorImpl.invoke(NativeMethodAccessorImpl.java:78)\n\tat java.base/jdk.internal.reflect.DelegatingMethodAccessorImpl.invoke(DelegatingMethodAccessorImpl.java:43)\n\tat java.base/java.lang.reflect.Method.invoke(Method.java:567)\n\tat org.testng.internal.MethodInvocationHelper.invokeMethod(MethodInvocationHelper.java:86)\n\tat org.testng.internal.Invoker.invokeMethod(Invoker.java:643)\n\tat org.testng.internal.Invoker.invokeTestMethod(Invoker.java:820)\n\tat org.testng.internal.Invoker.invokeTestMethods(Invoker.java:1128)\n\tat org.testng.internal.TestMethodWorker.invokeTestMethods(TestMethodWorker.java:129)\n\tat org.testng.internal.TestMethodWorker.run(TestMethodWorker.java:112)\n\tat org.testng.TestRunner.privateRun(TestRunner.java:782)\n\tat org.testng.TestRunner.run(TestRunner.java:632)\n\tat org.testng.SuiteRunner.runTest(SuiteRunner.java:366)\n\tat org.testng.SuiteRunner.runSequentially(SuiteRunner.java:361)\n\tat org.testng.SuiteRunner.privateRun(SuiteRunner.java:319)\n\tat org.testng.SuiteRunner.run(SuiteRunner.java:268)\n\tat org.testng.SuiteRunnerWorker.runSuite(SuiteRunnerWorker.java:52)\n\tat org.testng.SuiteRunnerWorker.run(SuiteRunnerWorker.java:86)\n\tat org.testng.TestNG.runSuitesSequentially(TestNG.java:1244)\n\tat org.testng.TestNG.runSuitesLocally(TestNG.java:1169)\n\tat org.testng.TestNG.run(TestNG.java:1064)\n\tat org.apache.maven.surefire.testng.TestNGExecutor.run(TestNGExecutor.java:283)\n\tat org.apache.maven.surefire.testng.TestNGXmlTestSuite.execute(TestNGXmlTestSuite.java:75)\n\tat org.apache.maven.surefire.testng.TestNGProvider.invoke(TestNGProvider.java:120)\n\tat org.apache.maven.surefire.booter.ForkedBooter.invokeProviderInSameClassLoader(ForkedBooter.java:386)\n\tat org.apache.maven.surefire.booter.ForkedBooter.runSuitesInProcess(ForkedBooter.java:323)\n\tat org.apache.maven.surefire.booter.ForkedBooter.main(ForkedBooter.java:143)\n",
      "steps" : [ {
        "name" : "Click element",
        "time" : {
          "start" : 1643310082988,
          "stop" : 1643310083975,
          "duration" : 987
        },
        "status" : "passed",
        "steps" : [ ],
        "attachments" : [ ],
        "parameters" : [ {
          "name" : "by",
          "value" : "By.xpath: //*[@data-testid=\"linkLogin\"]"
        } ],
        "stepsCount" : 0,
        "attachmentsCount" : 0,
        "shouldDisplayMessage" : false,
        "hasContent" : true
      }, {
        "name" : "Fill input field",
        "time" : {
          "start" : 1643310083976,
          "stop" : 1643310084716,
          "duration" : 740
        },
        "status" : "passed",
        "steps" : [ ],
        "attachments" : [ ],
        "parameters" : [ {
          "name" : "by",
          "value" : "By.xpath: //*[@data-testid=\"inputEmail\"]"
        }, {
          "name" : "data",
          "value" : "testautomation@socio.events"
        } ],
        "stepsCount" : 0,
        "attachmentsCount" : 0,
        "shouldDisplayMessage" : false,
        "hasContent" : true
      }, {
        "name" : "Fill input field",
        "time" : {
          "start" : 1643310084716,
          "stop" : 1643310085386,
          "duration" : 670
        },
        "status" : "passed",
        "steps" : [ ],
        "attachments" : [ ],
        "parameters" : [ {
          "name" : "by",
          "value" : "By.xpath: //*[@data-testid=\"inputPassword\"]"
        }, {
          "name" : "data",
          "value" : "ta12345"
        } ],
        "stepsCount" : 0,
        "attachmentsCount" : 0,
        "shouldDisplayMessage" : false,
        "hasContent" : true
      }, {
        "name" : "Click element",
        "time" : {
          "start" : 1643310085386,
          "stop" : 1643310116361,
          "duration" : 30975
        },
        "status" : "failed",
        "statusMessage" : "Could not find element || Element Locator =>By.xpath: //*[@data-testid=\"btnLogina\"] Error : org.openqa.selenium.TimeoutException: Expected condition failed: waiting for presence of element located by: By.xpath: //*[@data-testid=\"btnLogina\"] (tried for 30 second(s) with 500 milliseconds interval)",
        "statusTrace" : "java.lang.AssertionError: Could not find element || Element Locator =>By.xpath: //*[@data-testid=\"btnLogina\"] Error : org.openqa.selenium.TimeoutException: Expected condition failed: waiting for presence of element located by: By.xpath: //*[@data-testid=\"btnLogina\"] (tried for 30 second(s) with 500 milliseconds interval)\n\tat org.testng.Assert.fail(Assert.java:94)\n\tat util.Logger.assertWithStatus(Logger.java:15)\n\tat controller.ElementController.getElement(ElementController.java:25)\n\tat controller.ActionController.clickElement(ActionController.java:44)\n\tat pages.LoginPage.loginWithCredentials(LoginPage.java:18)\n\tat com.browserstack.DemoTest.test1(DemoTest.java:76)\n\tat java.base/jdk.internal.reflect.NativeMethodAccessorImpl.invoke0(Native Method)\n\tat java.base/jdk.internal.reflect.NativeMethodAccessorImpl.invoke(NativeMethodAccessorImpl.java:78)\n\tat java.base/jdk.internal.reflect.DelegatingMethodAccessorImpl.invoke(DelegatingMethodAccessorImpl.java:43)\n\tat java.base/java.lang.reflect.Method.invoke(Method.java:567)\n\tat org.testng.internal.MethodInvocationHelper.invokeMethod(MethodInvocationHelper.java:86)\n\tat org.testng.internal.Invoker.invokeMethod(Invoker.java:643)\n\tat org.testng.internal.Invoker.invokeTestMethod(Invoker.java:820)\n\tat org.testng.internal.Invoker.invokeTestMethods(Invoker.java:1128)\n\tat org.testng.internal.TestMethodWorker.invokeTestMethods(TestMethodWorker.java:129)\n\tat org.testng.internal.TestMethodWorker.run(TestMethodWorker.java:112)\n\tat org.testng.TestRunner.privateRun(TestRunner.java:782)\n\tat org.testng.TestRunner.run(TestRunner.java:632)\n\tat org.testng.SuiteRunner.runTest(SuiteRunner.java:366)\n\tat org.testng.SuiteRunner.runSequentially(SuiteRunner.java:361)\n\tat org.testng.SuiteRunner.privateRun(SuiteRunner.java:319)\n\tat org.testng.SuiteRunner.run(SuiteRunner.java:268)\n\tat org.testng.SuiteRunnerWorker.runSuite(SuiteRunnerWorker.java:52)\n\tat org.testng.SuiteRunnerWorker.run(SuiteRunnerWorker.java:86)\n\tat org.testng.TestNG.runSuitesSequentially(TestNG.java:1244)\n\tat org.testng.TestNG.runSuitesLocally(TestNG.java:1169)\n\tat org.testng.TestNG.run(TestNG.java:1064)\n\tat org.apache.maven.surefire.testng.TestNGExecutor.run(TestNGExecutor.java:283)\n\tat org.apache.maven.surefire.testng.TestNGXmlTestSuite.execute(TestNGXmlTestSuite.java:75)\n\tat org.apache.maven.surefire.testng.TestNGProvider.invoke(TestNGProvider.java:120)\n\tat org.apache.maven.surefire.booter.ForkedBooter.invokeProviderInSameClassLoader(ForkedBooter.java:386)\n\tat org.apache.maven.surefire.booter.ForkedBooter.runSuitesInProcess(ForkedBooter.java:323)\n\tat org.apache.maven.surefire.booter.ForkedBooter.main(ForkedBooter.java:143)\n",
        "steps" : [ ],
        "attachments" : [ ],
        "parameters" : [ {
          "name" : "by",
          "value" : "By.xpath: //*[@data-testid=\"btnLogina\"]"
        } ],
        "stepsCount" : 0,
        "attachmentsCount" : 0,
        "shouldDisplayMessage" : true,
        "hasContent" : true
      } ],
      "attachments" : [ ],
      "parameters" : [ {
        "name" : "mail",
        "value" : "testautomation@socio.events"
      }, {
        "name" : "pass",
        "value" : "ta12345"
      } ],
      "stepsCount" : 4,
      "attachmentsCount" : 0,
      "shouldDisplayMessage" : false,
      "hasContent" : true
    } ],
    "attachments" : [ {
      "uid" : "48330ccf9e9044a1",
      "name" : "Page Screenshot",
      "source" : "48330ccf9e9044a1.png",
      "type" : "image/png",
      "size" : 35915
    } ],
    "parameters" : [ ],
    "stepsCount" : 7,
    "attachmentsCount" : 1,
    "shouldDisplayMessage" : false,
    "hasContent" : true
  },
  "afterStages" : [ {
    "name" : "tearDown",
    "time" : {
      "start" : 1643310118529,
      "stop" : 1643310120494,
      "duration" : 1965
    },
    "description" : "",
    "status" : "passed",
    "steps" : [ ],
    "attachments" : [ ],
    "parameters" : [ ],
    "stepsCount" : 0,
    "attachmentsCount" : 0,
    "shouldDisplayMessage" : false,
    "hasContent" : false
  } ],
  "labels" : [ {
    "name" : "package",
    "value" : "com.browserstack.DemoTest"
  }, {
    "name" : "testClass",
    "value" : "com.browserstack.DemoTest"
  }, {
    "name" : "testMethod",
    "value" : "test1"
  }, {
    "name" : "parentSuite",
    "value" : "Single"
  }, {
    "name" : "suite",
    "value" : "SingleTest"
  }, {
    "name" : "subSuite",
    "value" : "com.browserstack.DemoTest"
  }, {
    "name" : "host",
    "value" : "Eyyups-MacBook-Pro.local"
  }, {
    "name" : "thread",
    "value" : "73593@Eyyups-MacBook-Pro.local.main(1)"
  }, {
    "name" : "framework",
    "value" : "testng"
  }, {
    "name" : "language",
    "value" : "java"
  }, {
    "name" : "resultFormat",
    "value" : "allure2"
  } ],
  "parameters" : [ {
    "name" : "config",
    "value" : "single.conf.json"
  }, {
    "name" : "environment",
    "value" : "chrome"
  } ],
  "links" : [ {
    "name" : "3000",
    "url" : "https://sociohq.testrail.io/index.php?/cases/view/3000",
    "type" : "testrail"
  } ],
  "hidden" : true,
  "retry" : true,
  "extra" : {
    "categories" : [ ],
    "tags" : [ ]
  },
  "source" : "2e16a72858ab4c2c.json",
  "parameterValues" : [ "single.conf.json", "chrome" ]
}