{
  "uid" : "c3ec1c2e81b0e449",
  "name" : "test1",
  "fullName" : "com.browserstack.DemoTest.test1",
  "historyId" : "1d1831643a973eac86850ec1ad2a6e66",
  "time" : {
    "start" : 1643312301572,
    "stop" : 1643312337477,
    "duration" : 35905
  },
  "descriptionHtml" : "<!DOCTYPE html><html><body><video width='400' controls><source src='https://automate.browserstack.com/sessions/58ef081ba8b03e3a8d2aa158a455ef28cac033b6/video?token=NjlGV21CeEhtdEYwZHp6YWFLVjNHdC9WbU91bXFubDdBbldSTnByOHVUMnczTVUwUVhVTUhSS1hXNFpJNTdXRW1EVTZsSGZGR3puRjM5dWRyUFYyZkE9PS0tbE9xaVlJNGlDKzFZQ0c1RUIyWGVyQT09--e15c95aec0052e9d0216c796f9d968d4ba6a511f&source=rest_api&diff=-1' type='video/mp4'></video></body></html>",
  "status" : "failed",
  "statusMessage" : "Could not find element || Element Locator =>By.xpath: //*[@data-testid=\"btnLogina\"] Error : org.openqa.selenium.TimeoutException: Expected condition failed: waiting for presence of element located by: By.xpath: //*[@data-testid=\"btnLogina\"] (tried for 30 second(s) with 500 milliseconds interval)",
  "statusTrace" : "java.lang.AssertionError: Could not find element || Element Locator =>By.xpath: //*[@data-testid=\"btnLogina\"] Error : org.openqa.selenium.TimeoutException: Expected condition failed: waiting for presence of element located by: By.xpath: //*[@data-testid=\"btnLogina\"] (tried for 30 second(s) with 500 milliseconds interval)\n\tat org.testng.Assert.fail(Assert.java:94)\n\tat util.Logger.assertWithStatus(Logger.java:15)\n\tat controller.ElementController.getElement(ElementController.java:25)\n\tat controller.ActionController.clickElement(ActionController.java:44)\n\tat pages.LoginPage.loginWithCredentials(LoginPage.java:18)\n\tat com.browserstack.DemoTest.test1(DemoTest.java:76)\n\tat java.base/jdk.internal.reflect.NativeMethodAccessorImpl.invoke0(Native Method)\n\tat java.base/jdk.internal.reflect.NativeMethodAccessorImpl.invoke(NativeMethodAccessorImpl.java:62)\n\tat java.base/jdk.internal.reflect.DelegatingMethodAccessorImpl.invoke(DelegatingMethodAccessorImpl.java:43)\n\tat java.base/java.lang.reflect.Method.invoke(Method.java:566)\n\tat org.testng.internal.MethodInvocationHelper.invokeMethod(MethodInvocationHelper.java:86)\n\tat org.testng.internal.Invoker.invokeMethod(Invoker.java:643)\n\tat org.testng.internal.Invoker.invokeTestMethod(Invoker.java:820)\n\tat org.testng.internal.Invoker.invokeTestMethods(Invoker.java:1128)\n\tat org.testng.internal.TestMethodWorker.invokeTestMethods(TestMethodWorker.java:129)\n\tat org.testng.internal.TestMethodWorker.run(TestMethodWorker.java:112)\n\tat org.testng.TestRunner.privateRun(TestRunner.java:782)\n\tat org.testng.TestRunner.run(TestRunner.java:632)\n\tat org.testng.SuiteRunner.runTest(SuiteRunner.java:366)\n\tat org.testng.SuiteRunner.runSequentially(SuiteRunner.java:361)\n\tat org.testng.SuiteRunner.privateRun(SuiteRunner.java:319)\n\tat org.testng.SuiteRunner.run(SuiteRunner.java:268)\n\tat org.testng.SuiteRunnerWorker.runSuite(SuiteRunnerWorker.java:52)\n\tat org.testng.SuiteRunnerWorker.run(SuiteRunnerWorker.java:86)\n\tat org.testng.TestNG.runSuitesSequentially(TestNG.java:1244)\n\tat org.testng.TestNG.runSuitesLocally(TestNG.java:1169)\n\tat org.testng.TestNG.run(TestNG.java:1064)\n\tat org.apache.maven.surefire.testng.TestNGExecutor.run(TestNGExecutor.java:283)\n\tat org.apache.maven.surefire.testng.TestNGXmlTestSuite.execute(TestNGXmlTestSuite.java:75)\n\tat org.apache.maven.surefire.testng.TestNGProvider.invoke(TestNGProvider.java:120)\n\tat org.apache.maven.surefire.booter.ForkedBooter.invokeProviderInSameClassLoader(ForkedBooter.java:386)\n\tat org.apache.maven.surefire.booter.ForkedBooter.runSuitesInProcess(ForkedBooter.java:323)\n\tat org.apache.maven.surefire.booter.ForkedBooter.main(ForkedBooter.java:143)\n",
  "flaky" : false,
  "newFailed" : false,
  "beforeStages" : [ {
    "name" : "setUp",
    "time" : {
      "start" : 1643312297859,
      "stop" : 1643312301569,
      "duration" : 3710
    },
    "description" : "",
    "status" : "passed",
    "steps" : [ ],
    "attachments" : [ ],
    "parameters" : [ ],
    "stepsCount" : 0,
    "attachmentsCount" : 0,
    "shouldDisplayMessage" : false,
    "hasContent" : false
  } ],
  "testStage" : {
    "descriptionHtml" : "<!DOCTYPE html><html><body><video width='400' controls><source src='https://automate.browserstack.com/sessions/58ef081ba8b03e3a8d2aa158a455ef28cac033b6/video?token=NjlGV21CeEhtdEYwZHp6YWFLVjNHdC9WbU91bXFubDdBbldSTnByOHVUMnczTVUwUVhVTUhSS1hXNFpJNTdXRW1EVTZsSGZGR3puRjM5dWRyUFYyZkE9PS0tbE9xaVlJNGlDKzFZQ0c1RUIyWGVyQT09--e15c95aec0052e9d0216c796f9d968d4ba6a511f&source=rest_api&diff=-1' type='video/mp4'></video></body></html>",
    "status" : "failed",
    "statusMessage" : "Could not find element || Element Locator =>By.xpath: //*[@data-testid=\"btnLogina\"] Error : org.openqa.selenium.TimeoutException: Expected condition failed: waiting for presence of element located by: By.xpath: //*[@data-testid=\"btnLogina\"] (tried for 30 second(s) with 500 milliseconds interval)",
    "statusTrace" : "java.lang.AssertionError: Could not find element || Element Locator =>By.xpath: //*[@data-testid=\"btnLogina\"] Error : org.openqa.selenium.TimeoutException: Expected condition failed: waiting for presence of element located by: By.xpath: //*[@data-testid=\"btnLogina\"] (tried for 30 second(s) with 500 milliseconds interval)\n\tat org.testng.Assert.fail(Assert.java:94)\n\tat util.Logger.assertWithStatus(Logger.java:15)\n\tat controller.ElementController.getElement(ElementController.java:25)\n\tat controller.ActionController.clickElement(ActionController.java:44)\n\tat pages.LoginPage.loginWithCredentials(LoginPage.java:18)\n\tat com.browserstack.DemoTest.test1(DemoTest.java:76)\n\tat java.base/jdk.internal.reflect.NativeMethodAccessorImpl.invoke0(Native Method)\n\tat java.base/jdk.internal.reflect.NativeMethodAccessorImpl.invoke(NativeMethodAccessorImpl.java:62)\n\tat java.base/jdk.internal.reflect.DelegatingMethodAccessorImpl.invoke(DelegatingMethodAccessorImpl.java:43)\n\tat java.base/java.lang.reflect.Method.invoke(Method.java:566)\n\tat org.testng.internal.MethodInvocationHelper.invokeMethod(MethodInvocationHelper.java:86)\n\tat org.testng.internal.Invoker.invokeMethod(Invoker.java:643)\n\tat org.testng.internal.Invoker.invokeTestMethod(Invoker.java:820)\n\tat org.testng.internal.Invoker.invokeTestMethods(Invoker.java:1128)\n\tat org.testng.internal.TestMethodWorker.invokeTestMethods(TestMethodWorker.java:129)\n\tat org.testng.internal.TestMethodWorker.run(TestMethodWorker.java:112)\n\tat org.testng.TestRunner.privateRun(TestRunner.java:782)\n\tat org.testng.TestRunner.run(TestRunner.java:632)\n\tat org.testng.SuiteRunner.runTest(SuiteRunner.java:366)\n\tat org.testng.SuiteRunner.runSequentially(SuiteRunner.java:361)\n\tat org.testng.SuiteRunner.privateRun(SuiteRunner.java:319)\n\tat org.testng.SuiteRunner.run(SuiteRunner.java:268)\n\tat org.testng.SuiteRunnerWorker.runSuite(SuiteRunnerWorker.java:52)\n\tat org.testng.SuiteRunnerWorker.run(SuiteRunnerWorker.java:86)\n\tat org.testng.TestNG.runSuitesSequentially(TestNG.java:1244)\n\tat org.testng.TestNG.runSuitesLocally(TestNG.java:1169)\n\tat org.testng.TestNG.run(TestNG.java:1064)\n\tat org.apache.maven.surefire.testng.TestNGExecutor.run(TestNGExecutor.java:283)\n\tat org.apache.maven.surefire.testng.TestNGXmlTestSuite.execute(TestNGXmlTestSuite.java:75)\n\tat org.apache.maven.surefire.testng.TestNGProvider.invoke(TestNGProvider.java:120)\n\tat org.apache.maven.surefire.booter.ForkedBooter.invokeProviderInSameClassLoader(ForkedBooter.java:386)\n\tat org.apache.maven.surefire.booter.ForkedBooter.runSuitesInProcess(ForkedBooter.java:323)\n\tat org.apache.maven.surefire.booter.ForkedBooter.main(ForkedBooter.java:143)\n",
    "steps" : [ {
      "name" : "Open url",
      "time" : {
        "start" : 1643312301572,
        "stop" : 1643312304165,
        "duration" : 2593
      },
      "status" : "passed",
      "steps" : [ {
        "name" : "Go to url",
        "time" : {
          "start" : 1643312301572,
          "stop" : 1643312304165,
          "duration" : 2593
        },
        "status" : "passed",
        "steps" : [ ],
        "attachments" : [ ],
        "parameters" : [ {
          "name" : "url",
          "value" : "https://staging.platform.socio.events/signup"
        } ],
        "stepsCount" : 0,
        "attachmentsCount" : 0,
        "shouldDisplayMessage" : false,
        "hasContent" : true
      } ],
      "attachments" : [ ],
      "parameters" : [ {
        "name" : "url",
        "value" : "https://staging.platform.socio.events/signup"
      } ],
      "stepsCount" : 1,
      "attachmentsCount" : 0,
      "shouldDisplayMessage" : false,
      "hasContent" : true
    }, {
      "name" : "Login with credentials",
      "time" : {
        "start" : 1643312304176,
        "stop" : 1643312335515,
        "duration" : 31339
      },
      "status" : "failed",
      "statusMessage" : "Could not find element || Element Locator =>By.xpath: //*[@data-testid=\"btnLogina\"] Error : org.openqa.selenium.TimeoutException: Expected condition failed: waiting for presence of element located by: By.xpath: //*[@data-testid=\"btnLogina\"] (tried for 30 second(s) with 500 milliseconds interval)",
      "statusTrace" : "java.lang.AssertionError: Could not find element || Element Locator =>By.xpath: //*[@data-testid=\"btnLogina\"] Error : org.openqa.selenium.TimeoutException: Expected condition failed: waiting for presence of element located by: By.xpath: //*[@data-testid=\"btnLogina\"] (tried for 30 second(s) with 500 milliseconds interval)\n\tat org.testng.Assert.fail(Assert.java:94)\n\tat util.Logger.assertWithStatus(Logger.java:15)\n\tat controller.ElementController.getElement(ElementController.java:25)\n\tat controller.ActionController.clickElement(ActionController.java:44)\n\tat pages.LoginPage.loginWithCredentials(LoginPage.java:18)\n\tat com.browserstack.DemoTest.test1(DemoTest.java:76)\n\tat java.base/jdk.internal.reflect.NativeMethodAccessorImpl.invoke0(Native Method)\n\tat java.base/jdk.internal.reflect.NativeMethodAccessorImpl.invoke(NativeMethodAccessorImpl.java:62)\n\tat java.base/jdk.internal.reflect.DelegatingMethodAccessorImpl.invoke(DelegatingMethodAccessorImpl.java:43)\n\tat java.base/java.lang.reflect.Method.invoke(Method.java:566)\n\tat org.testng.internal.MethodInvocationHelper.invokeMethod(MethodInvocationHelper.java:86)\n\tat org.testng.internal.Invoker.invokeMethod(Invoker.java:643)\n\tat org.testng.internal.Invoker.invokeTestMethod(Invoker.java:820)\n\tat org.testng.internal.Invoker.invokeTestMethods(Invoker.java:1128)\n\tat org.testng.internal.TestMethodWorker.invokeTestMethods(TestMethodWorker.java:129)\n\tat org.testng.internal.TestMethodWorker.run(TestMethodWorker.java:112)\n\tat org.testng.TestRunner.privateRun(TestRunner.java:782)\n\tat org.testng.TestRunner.run(TestRunner.java:632)\n\tat org.testng.SuiteRunner.runTest(SuiteRunner.java:366)\n\tat org.testng.SuiteRunner.runSequentially(SuiteRunner.java:361)\n\tat org.testng.SuiteRunner.privateRun(SuiteRunner.java:319)\n\tat org.testng.SuiteRunner.run(SuiteRunner.java:268)\n\tat org.testng.SuiteRunnerWorker.runSuite(SuiteRunnerWorker.java:52)\n\tat org.testng.SuiteRunnerWorker.run(SuiteRunnerWorker.java:86)\n\tat org.testng.TestNG.runSuitesSequentially(TestNG.java:1244)\n\tat org.testng.TestNG.runSuitesLocally(TestNG.java:1169)\n\tat org.testng.TestNG.run(TestNG.java:1064)\n\tat org.apache.maven.surefire.testng.TestNGExecutor.run(TestNGExecutor.java:283)\n\tat org.apache.maven.surefire.testng.TestNGXmlTestSuite.execute(TestNGXmlTestSuite.java:75)\n\tat org.apache.maven.surefire.testng.TestNGProvider.invoke(TestNGProvider.java:120)\n\tat org.apache.maven.surefire.booter.ForkedBooter.invokeProviderInSameClassLoader(ForkedBooter.java:386)\n\tat org.apache.maven.surefire.booter.ForkedBooter.runSuitesInProcess(ForkedBooter.java:323)\n\tat org.apache.maven.surefire.booter.ForkedBooter.main(ForkedBooter.java:143)\n",
      "steps" : [ {
        "name" : "Click element",
        "time" : {
          "start" : 1643312304176,
          "stop" : 1643312304632,
          "duration" : 456
        },
        "status" : "passed",
        "steps" : [ ],
        "attachments" : [ ],
        "parameters" : [ {
          "name" : "by",
          "value" : "By.xpath: //*[@data-testid=\"linkLogin\"]"
        } ],
        "stepsCount" : 0,
        "attachmentsCount" : 0,
        "shouldDisplayMessage" : false,
        "hasContent" : true
      }, {
        "name" : "Fill input field",
        "time" : {
          "start" : 1643312304632,
          "stop" : 1643312305011,
          "duration" : 379
        },
        "status" : "passed",
        "steps" : [ ],
        "attachments" : [ ],
        "parameters" : [ {
          "name" : "by",
          "value" : "By.xpath: //*[@data-testid=\"inputEmail\"]"
        }, {
          "name" : "data",
          "value" : "testautomation@socio.events"
        } ],
        "stepsCount" : 0,
        "attachmentsCount" : 0,
        "shouldDisplayMessage" : false,
        "hasContent" : true
      }, {
        "name" : "Fill input field",
        "time" : {
          "start" : 1643312305011,
          "stop" : 1643312305232,
          "duration" : 221
        },
        "status" : "passed",
        "steps" : [ ],
        "attachments" : [ ],
        "parameters" : [ {
          "name" : "by",
          "value" : "By.xpath: //*[@data-testid=\"inputPassword\"]"
        }, {
          "name" : "data",
          "value" : "ta12345"
        } ],
        "stepsCount" : 0,
        "attachmentsCount" : 0,
        "shouldDisplayMessage" : false,
        "hasContent" : true
      }, {
        "name" : "Click element",
        "time" : {
          "start" : 1643312305233,
          "stop" : 1643312335515,
          "duration" : 30282
        },
        "status" : "failed",
        "statusMessage" : "Could not find element || Element Locator =>By.xpath: //*[@data-testid=\"btnLogina\"] Error : org.openqa.selenium.TimeoutException: Expected condition failed: waiting for presence of element located by: By.xpath: //*[@data-testid=\"btnLogina\"] (tried for 30 second(s) with 500 milliseconds interval)",
        "statusTrace" : "java.lang.AssertionError: Could not find element || Element Locator =>By.xpath: //*[@data-testid=\"btnLogina\"] Error : org.openqa.selenium.TimeoutException: Expected condition failed: waiting for presence of element located by: By.xpath: //*[@data-testid=\"btnLogina\"] (tried for 30 second(s) with 500 milliseconds interval)\n\tat org.testng.Assert.fail(Assert.java:94)\n\tat util.Logger.assertWithStatus(Logger.java:15)\n\tat controller.ElementController.getElement(ElementController.java:25)\n\tat controller.ActionController.clickElement(ActionController.java:44)\n\tat pages.LoginPage.loginWithCredentials(LoginPage.java:18)\n\tat com.browserstack.DemoTest.test1(DemoTest.java:76)\n\tat java.base/jdk.internal.reflect.NativeMethodAccessorImpl.invoke0(Native Method)\n\tat java.base/jdk.internal.reflect.NativeMethodAccessorImpl.invoke(NativeMethodAccessorImpl.java:62)\n\tat java.base/jdk.internal.reflect.DelegatingMethodAccessorImpl.invoke(DelegatingMethodAccessorImpl.java:43)\n\tat java.base/java.lang.reflect.Method.invoke(Method.java:566)\n\tat org.testng.internal.MethodInvocationHelper.invokeMethod(MethodInvocationHelper.java:86)\n\tat org.testng.internal.Invoker.invokeMethod(Invoker.java:643)\n\tat org.testng.internal.Invoker.invokeTestMethod(Invoker.java:820)\n\tat org.testng.internal.Invoker.invokeTestMethods(Invoker.java:1128)\n\tat org.testng.internal.TestMethodWorker.invokeTestMethods(TestMethodWorker.java:129)\n\tat org.testng.internal.TestMethodWorker.run(TestMethodWorker.java:112)\n\tat org.testng.TestRunner.privateRun(TestRunner.java:782)\n\tat org.testng.TestRunner.run(TestRunner.java:632)\n\tat org.testng.SuiteRunner.runTest(SuiteRunner.java:366)\n\tat org.testng.SuiteRunner.runSequentially(SuiteRunner.java:361)\n\tat org.testng.SuiteRunner.privateRun(SuiteRunner.java:319)\n\tat org.testng.SuiteRunner.run(SuiteRunner.java:268)\n\tat org.testng.SuiteRunnerWorker.runSuite(SuiteRunnerWorker.java:52)\n\tat org.testng.SuiteRunnerWorker.run(SuiteRunnerWorker.java:86)\n\tat org.testng.TestNG.runSuitesSequentially(TestNG.java:1244)\n\tat org.testng.TestNG.runSuitesLocally(TestNG.java:1169)\n\tat org.testng.TestNG.run(TestNG.java:1064)\n\tat org.apache.maven.surefire.testng.TestNGExecutor.run(TestNGExecutor.java:283)\n\tat org.apache.maven.surefire.testng.TestNGXmlTestSuite.execute(TestNGXmlTestSuite.java:75)\n\tat org.apache.maven.surefire.testng.TestNGProvider.invoke(TestNGProvider.java:120)\n\tat org.apache.maven.surefire.booter.ForkedBooter.invokeProviderInSameClassLoader(ForkedBooter.java:386)\n\tat org.apache.maven.surefire.booter.ForkedBooter.runSuitesInProcess(ForkedBooter.java:323)\n\tat org.apache.maven.surefire.booter.ForkedBooter.main(ForkedBooter.java:143)\n",
        "steps" : [ ],
        "attachments" : [ ],
        "parameters" : [ {
          "name" : "by",
          "value" : "By.xpath: //*[@data-testid=\"btnLogina\"]"
        } ],
        "stepsCount" : 0,
        "attachmentsCount" : 0,
        "shouldDisplayMessage" : true,
        "hasContent" : true
      } ],
      "attachments" : [ ],
      "parameters" : [ {
        "name" : "mail",
        "value" : "testautomation@socio.events"
      }, {
        "name" : "pass",
        "value" : "ta12345"
      } ],
      "stepsCount" : 4,
      "attachmentsCount" : 0,
      "shouldDisplayMessage" : false,
      "hasContent" : true
    } ],
    "attachments" : [ {
      "uid" : "eb945cf537e70e98",
      "name" : "Page Screenshot",
      "source" : "eb945cf537e70e98.png",
      "type" : "image/png",
      "size" : 41231
    } ],
    "parameters" : [ ],
    "stepsCount" : 7,
    "attachmentsCount" : 1,
    "shouldDisplayMessage" : false,
    "hasContent" : true
  },
  "afterStages" : [ {
    "name" : "tearDown",
    "time" : {
      "start" : 1643312337484,
      "stop" : 1643312338953,
      "duration" : 1469
    },
    "description" : "",
    "status" : "passed",
    "steps" : [ ],
    "attachments" : [ ],
    "parameters" : [ ],
    "stepsCount" : 0,
    "attachmentsCount" : 0,
    "shouldDisplayMessage" : false,
    "hasContent" : false
  } ],
  "labels" : [ {
    "name" : "package",
    "value" : "com.browserstack.DemoTest"
  }, {
    "name" : "testClass",
    "value" : "com.browserstack.DemoTest"
  }, {
    "name" : "testMethod",
    "value" : "test1"
  }, {
    "name" : "parentSuite",
    "value" : "Single"
  }, {
    "name" : "suite",
    "value" : "SingleTest"
  }, {
    "name" : "subSuite",
    "value" : "com.browserstack.DemoTest"
  }, {
    "name" : "host",
    "value" : "fv-az83-402"
  }, {
    "name" : "thread",
    "value" : "2766@fv-az83-402.main(1)"
  }, {
    "name" : "framework",
    "value" : "testng"
  }, {
    "name" : "language",
    "value" : "java"
  }, {
    "name" : "resultFormat",
    "value" : "allure2"
  } ],
  "parameters" : [ {
    "name" : "config",
    "value" : "single.conf.json"
  }, {
    "name" : "environment",
    "value" : "chrome"
  } ],
  "links" : [ {
    "name" : "3000",
    "url" : "https://sociohq.testrail.io/index.php?/cases/view/3000",
    "type" : "testrail"
  } ],
  "hidden" : false,
  "retry" : false,
  "extra" : {
    "severity" : "normal",
    "retries" : [ {
      "uid" : "2e16a72858ab4c2c",
      "status" : "failed",
      "statusDetails" : "Could not find element || Element Locator =>By.xpath: //*[@data-testid=\"btnLogina\"] Error : org.openqa.selenium.TimeoutException: Expected condition failed: waiting for presence of element located by: By.xpath: //*[@data-testid=\"btnLogina\"] (tried for 30 second(s) with 500 milliseconds interval)",
      "time" : {
        "start" : 1643310060832,
        "stop" : 1643310118527,
        "duration" : 57695
      }
    }, {
      "uid" : "16b4fff4d8b08458",
      "status" : "failed",
      "statusDetails" : "Could not find element || Element Locator =>By.xpath: //*[@data-testid=\"btnLogina\"] Error : org.openqa.selenium.TimeoutException: Expected condition failed: waiting for presence of element located by: By.xpath: //*[@data-testid=\"btnLogina\"] (tried for 30 second(s) with 500 milliseconds interval)",
      "time" : {
        "start" : 1643307733113,
        "stop" : 1643307773219,
        "duration" : 40106
      }
    } ],
    "categories" : [ {
      "name" : "Product defects",
      "matchedStatuses" : [ ],
      "flaky" : false
    } ],
    "tags" : [ ]
  },
  "source" : "c3ec1c2e81b0e449.json",
  "parameterValues" : [ "single.conf.json", "chrome" ]
}