{"uuid":"0c0115da-b81e-41a4-b8d7-53caa3eab633","historyId":"585f3c6dda4d5e35875f2d8e0e302456","fullName":"com.browserstack.DemoTest.postToWebAppWall","labels":[{"name":"package","value":"com.browserstack.DemoTest"},{"name":"testClass","value":"com.browserstack.DemoTest"},{"name":"testMethod","value":"postToWebAppWall"},{"name":"parentSuite","value":"Single"},{"name":"suite","value":"SingleTest"},{"name":"subSuite","value":"com.browserstack.DemoTest"},{"name":"host","value":"ip-192-168-1-34.us-east-2.compute.internal"},{"name":"thread","value":"59780@ip-192-168-1-34.us-east-2.compute.internal.main(1)"},{"name":"framework","value":"testng"},{"name":"language","value":"java"}],"links":[],"name":"postToWebAppWall","status":"failed","statusDetails":{"known":false,"muted":false,"flaky":false,"message":"Could not find element || Element Locator =>By.xpath: //*[@data-testid=\"btnLoginaa\"] Error : org.openqa.selenium.TimeoutException: Expected condition failed: waiting for presence of element located by: By.xpath: //*[@data-testid=\"btnLoginaa\"] (tried for 30 second(s) with 500 milliseconds interval)","trace":"java.lang.AssertionError: Could not find element || Element Locator =>By.xpath: //*[@data-testid=\"btnLoginaa\"] Error : org.openqa.selenium.TimeoutException: Expected condition failed: waiting for presence of element located by: By.xpath: //*[@data-testid=\"btnLoginaa\"] (tried for 30 second(s) with 500 milliseconds interval)\n\tat org.testng.Assert.fail(Assert.java:94)\n\tat util.Logger.assertWithStatus(Logger.java:15)\n\tat controller.ElementController.getElement(ElementController.java:25)\n\tat controller.ActionController.clickElement(ActionController.java:44)\n\tat pages.LoginPage.loginWithCredentials(LoginPage.java:18)\n\tat com.browserstack.DemoTest.postToWebAppWall(DemoTest.java:28)\n\tat java.base/jdk.internal.reflect.NativeMethodAccessorImpl.invoke0(Native Method)\n\tat java.base/jdk.internal.reflect.NativeMethodAccessorImpl.invoke(NativeMethodAccessorImpl.java:78)\n\tat java.base/jdk.internal.reflect.DelegatingMethodAccessorImpl.invoke(DelegatingMethodAccessorImpl.java:43)\n\tat java.base/java.lang.reflect.Method.invoke(Method.java:567)\n\tat org.testng.internal.MethodInvocationHelper.invokeMethod(MethodInvocationHelper.java:86)\n\tat org.testng.internal.Invoker.invokeMethod(Invoker.java:643)\n\tat org.testng.internal.Invoker.invokeTestMethod(Invoker.java:820)\n\tat org.testng.internal.Invoker.invokeTestMethods(Invoker.java:1128)\n\tat org.testng.internal.TestMethodWorker.invokeTestMethods(TestMethodWorker.java:129)\n\tat org.testng.internal.TestMethodWorker.run(TestMethodWorker.java:112)\n\tat org.testng.TestRunner.privateRun(TestRunner.java:782)\n\tat org.testng.TestRunner.run(TestRunner.java:632)\n\tat org.testng.SuiteRunner.runTest(SuiteRunner.java:366)\n\tat org.testng.SuiteRunner.runSequentially(SuiteRunner.java:361)\n\tat org.testng.SuiteRunner.privateRun(SuiteRunner.java:319)\n\tat org.testng.SuiteRunner.run(SuiteRunner.java:268)\n\tat org.testng.SuiteRunnerWorker.runSuite(SuiteRunnerWorker.java:52)\n\tat org.testng.SuiteRunnerWorker.run(SuiteRunnerWorker.java:86)\n\tat org.testng.TestNG.runSuitesSequentially(TestNG.java:1244)\n\tat org.testng.TestNG.runSuitesLocally(TestNG.java:1169)\n\tat org.testng.TestNG.run(TestNG.java:1064)\n\tat org.apache.maven.surefire.testng.TestNGExecutor.run(TestNGExecutor.java:283)\n\tat org.apache.maven.surefire.testng.TestNGXmlTestSuite.execute(TestNGXmlTestSuite.java:75)\n\tat org.apache.maven.surefire.testng.TestNGProvider.invoke(TestNGProvider.java:120)\n\tat org.apache.maven.surefire.booter.ForkedBooter.invokeProviderInSameClassLoader(ForkedBooter.java:386)\n\tat org.apache.maven.surefire.booter.ForkedBooter.runSuitesInProcess(ForkedBooter.java:323)\n\tat org.apache.maven.surefire.booter.ForkedBooter.main(ForkedBooter.java:143)\n"},"stage":"finished","steps":[{"name":"Open url","status":"passed","stage":"finished","steps":[{"name":"Go to url","status":"passed","stage":"finished","steps":[],"attachments":[],"parameters":[{"name":"url","value":"https://staging.platform.socio.events/signup"}],"start":1643209490966,"stop":1643209504973}],"attachments":[],"parameters":[{"name":"url","value":"https://staging.platform.socio.events/signup"}],"start":1643209490965,"stop":1643209504973},{"name":"Login with credentials","status":"failed","statusDetails":{"known":false,"muted":false,"flaky":false,"message":"Could not find element || Element Locator =>By.xpath: //*[@data-testid=\"btnLoginaa\"] Error : org.openqa.selenium.TimeoutException: Expected condition failed: waiting for presence of element located by: By.xpath: //*[@data-testid=\"btnLoginaa\"] (tried for 30 second(s) with 500 milliseconds interval)","trace":"java.lang.AssertionError: Could not find element || Element Locator =>By.xpath: //*[@data-testid=\"btnLoginaa\"] Error : org.openqa.selenium.TimeoutException: Expected condition failed: waiting for presence of element located by: By.xpath: //*[@data-testid=\"btnLoginaa\"] (tried for 30 second(s) with 500 milliseconds interval)\n\tat org.testng.Assert.fail(Assert.java:94)\n\tat util.Logger.assertWithStatus(Logger.java:15)\n\tat controller.ElementController.getElement(ElementController.java:25)\n\tat controller.ActionController.clickElement(ActionController.java:44)\n\tat pages.LoginPage.loginWithCredentials(LoginPage.java:18)\n\tat com.browserstack.DemoTest.postToWebAppWall(DemoTest.java:28)\n\tat java.base/jdk.internal.reflect.NativeMethodAccessorImpl.invoke0(Native Method)\n\tat java.base/jdk.internal.reflect.NativeMethodAccessorImpl.invoke(NativeMethodAccessorImpl.java:78)\n\tat java.base/jdk.internal.reflect.DelegatingMethodAccessorImpl.invoke(DelegatingMethodAccessorImpl.java:43)\n\tat java.base/java.lang.reflect.Method.invoke(Method.java:567)\n\tat org.testng.internal.MethodInvocationHelper.invokeMethod(MethodInvocationHelper.java:86)\n\tat org.testng.internal.Invoker.invokeMethod(Invoker.java:643)\n\tat org.testng.internal.Invoker.invokeTestMethod(Invoker.java:820)\n\tat org.testng.internal.Invoker.invokeTestMethods(Invoker.java:1128)\n\tat org.testng.internal.TestMethodWorker.invokeTestMethods(TestMethodWorker.java:129)\n\tat org.testng.internal.TestMethodWorker.run(TestMethodWorker.java:112)\n\tat org.testng.TestRunner.privateRun(TestRunner.java:782)\n\tat org.testng.TestRunner.run(TestRunner.java:632)\n\tat org.testng.SuiteRunner.runTest(SuiteRunner.java:366)\n\tat org.testng.SuiteRunner.runSequentially(SuiteRunner.java:361)\n\tat org.testng.SuiteRunner.privateRun(SuiteRunner.java:319)\n\tat org.testng.SuiteRunner.run(SuiteRunner.java:268)\n\tat org.testng.SuiteRunnerWorker.runSuite(SuiteRunnerWorker.java:52)\n\tat org.testng.SuiteRunnerWorker.run(SuiteRunnerWorker.java:86)\n\tat org.testng.TestNG.runSuitesSequentially(TestNG.java:1244)\n\tat org.testng.TestNG.runSuitesLocally(TestNG.java:1169)\n\tat org.testng.TestNG.run(TestNG.java:1064)\n\tat org.apache.maven.surefire.testng.TestNGExecutor.run(TestNGExecutor.java:283)\n\tat org.apache.maven.surefire.testng.TestNGXmlTestSuite.execute(TestNGXmlTestSuite.java:75)\n\tat org.apache.maven.surefire.testng.TestNGProvider.invoke(TestNGProvider.java:120)\n\tat org.apache.maven.surefire.booter.ForkedBooter.invokeProviderInSameClassLoader(ForkedBooter.java:386)\n\tat org.apache.maven.surefire.booter.ForkedBooter.runSuitesInProcess(ForkedBooter.java:323)\n\tat org.apache.maven.surefire.booter.ForkedBooter.main(ForkedBooter.java:143)\n"},"stage":"finished","steps":[{"name":"Click element","status":"passed","stage":"finished","steps":[],"attachments":[],"parameters":[{"name":"by","value":"By.xpath: //*[@data-testid=\"linkLogin\"]"}],"start":1643209504982,"stop":1643209505992},{"name":"Fill input field","status":"passed","stage":"finished","steps":[],"attachments":[],"parameters":[{"name":"by","value":"By.xpath: //*[@data-testid=\"inputEmail\"]"},{"name":"data","value":"testautomation@socio.events"}],"start":1643209505992,"stop":1643209507641},{"name":"Fill input field","status":"passed","stage":"finished","steps":[],"attachments":[],"parameters":[{"name":"by","value":"By.xpath: //*[@data-testid=\"inputPassword\"]"},{"name":"data","value":"ta12345"}],"start":1643209507641,"stop":1643209508718},{"name":"Click element","status":"failed","statusDetails":{"known":false,"muted":false,"flaky":false,"message":"Could not find element || Element Locator =>By.xpath: //*[@data-testid=\"btnLoginaa\"] Error : org.openqa.selenium.TimeoutException: Expected condition failed: waiting for presence of element located by: By.xpath: //*[@data-testid=\"btnLoginaa\"] (tried for 30 second(s) with 500 milliseconds interval)","trace":"java.lang.AssertionError: Could not find element || Element Locator =>By.xpath: //*[@data-testid=\"btnLoginaa\"] Error : org.openqa.selenium.TimeoutException: Expected condition failed: waiting for presence of element located by: By.xpath: //*[@data-testid=\"btnLoginaa\"] (tried for 30 second(s) with 500 milliseconds interval)\n\tat org.testng.Assert.fail(Assert.java:94)\n\tat util.Logger.assertWithStatus(Logger.java:15)\n\tat controller.ElementController.getElement(ElementController.java:25)\n\tat controller.ActionController.clickElement(ActionController.java:44)\n\tat pages.LoginPage.loginWithCredentials(LoginPage.java:18)\n\tat com.browserstack.DemoTest.postToWebAppWall(DemoTest.java:28)\n\tat java.base/jdk.internal.reflect.NativeMethodAccessorImpl.invoke0(Native Method)\n\tat java.base/jdk.internal.reflect.NativeMethodAccessorImpl.invoke(NativeMethodAccessorImpl.java:78)\n\tat java.base/jdk.internal.reflect.DelegatingMethodAccessorImpl.invoke(DelegatingMethodAccessorImpl.java:43)\n\tat java.base/java.lang.reflect.Method.invoke(Method.java:567)\n\tat org.testng.internal.MethodInvocationHelper.invokeMethod(MethodInvocationHelper.java:86)\n\tat org.testng.internal.Invoker.invokeMethod(Invoker.java:643)\n\tat org.testng.internal.Invoker.invokeTestMethod(Invoker.java:820)\n\tat org.testng.internal.Invoker.invokeTestMethods(Invoker.java:1128)\n\tat org.testng.internal.TestMethodWorker.invokeTestMethods(TestMethodWorker.java:129)\n\tat org.testng.internal.TestMethodWorker.run(TestMethodWorker.java:112)\n\tat org.testng.TestRunner.privateRun(TestRunner.java:782)\n\tat org.testng.TestRunner.run(TestRunner.java:632)\n\tat org.testng.SuiteRunner.runTest(SuiteRunner.java:366)\n\tat org.testng.SuiteRunner.runSequentially(SuiteRunner.java:361)\n\tat org.testng.SuiteRunner.privateRun(SuiteRunner.java:319)\n\tat org.testng.SuiteRunner.run(SuiteRunner.java:268)\n\tat org.testng.SuiteRunnerWorker.runSuite(SuiteRunnerWorker.java:52)\n\tat org.testng.SuiteRunnerWorker.run(SuiteRunnerWorker.java:86)\n\tat org.testng.TestNG.runSuitesSequentially(TestNG.java:1244)\n\tat org.testng.TestNG.runSuitesLocally(TestNG.java:1169)\n\tat org.testng.TestNG.run(TestNG.java:1064)\n\tat org.apache.maven.surefire.testng.TestNGExecutor.run(TestNGExecutor.java:283)\n\tat org.apache.maven.surefire.testng.TestNGXmlTestSuite.execute(TestNGXmlTestSuite.java:75)\n\tat org.apache.maven.surefire.testng.TestNGProvider.invoke(TestNGProvider.java:120)\n\tat org.apache.maven.surefire.booter.ForkedBooter.invokeProviderInSameClassLoader(ForkedBooter.java:386)\n\tat org.apache.maven.surefire.booter.ForkedBooter.runSuitesInProcess(ForkedBooter.java:323)\n\tat org.apache.maven.surefire.booter.ForkedBooter.main(ForkedBooter.java:143)\n"},"stage":"finished","steps":[],"attachments":[],"parameters":[{"name":"by","value":"By.xpath: //*[@data-testid=\"btnLoginaa\"]"}],"start":1643209508718,"stop":1643209538793}],"attachments":[],"parameters":[{"name":"mail","value":"testautomation@socio.events"},{"name":"pass","value":"ta12345"}],"start":1643209504982,"stop":1643209538793}],"attachments":[{"name":"Page Screenshot","source":"703bbbfb-826a-4ad5-9d48-db332ca3c3a8-attachment","type":"image/png"}],"parameters":[{"name":"config","value":"single.conf.json"},{"name":"environment","value":"chrome"}],"start":1643209490921,"stop":1643209539945}