{"uuid":"e9a5c915-8027-4f37-9e00-b919c36280ce","historyId":"1d1831643a973eac86850ec1ad2a6e66","fullName":"com.browserstack.DemoTest.test1","labels":[{"name":"package","value":"com.browserstack.DemoTest"},{"name":"testClass","value":"com.browserstack.DemoTest"},{"name":"testMethod","value":"test1"},{"name":"parentSuite","value":"Single"},{"name":"suite","value":"SingleTest"},{"name":"subSuite","value":"com.browserstack.DemoTest"},{"name":"host","value":"Eyyups-MacBook-Pro.local"},{"name":"thread","value":"73593@Eyyups-MacBook-Pro.local.main(1)"},{"name":"framework","value":"testng"},{"name":"language","value":"java"}],"links":[{"name":"3000","url":"https://sociohq.testrail.io/index.php?/cases/view/3000","type":"testrail"}],"name":"test1","status":"failed","statusDetails":{"known":false,"muted":false,"flaky":false,"message":"Could not find element || Element Locator =>By.xpath: //*[@data-testid=\"btnLogina\"] Error : org.openqa.selenium.TimeoutException: Expected condition failed: waiting for presence of element located by: By.xpath: //*[@data-testid=\"btnLogina\"] (tried for 30 second(s) with 500 milliseconds interval)","trace":"java.lang.AssertionError: Could not find element || Element Locator =>By.xpath: //*[@data-testid=\"btnLogina\"] Error : org.openqa.selenium.TimeoutException: Expected condition failed: waiting for presence of element located by: By.xpath: //*[@data-testid=\"btnLogina\"] (tried for 30 second(s) with 500 milliseconds interval)\n\tat org.testng.Assert.fail(Assert.java:94)\n\tat util.Logger.assertWithStatus(Logger.java:15)\n\tat controller.ElementController.getElement(ElementController.java:25)\n\tat controller.ActionController.clickElement(ActionController.java:44)\n\tat pages.LoginPage.loginWithCredentials(LoginPage.java:18)\n\tat com.browserstack.DemoTest.test1(DemoTest.java:76)\n\tat java.base/jdk.internal.reflect.NativeMethodAccessorImpl.invoke0(Native Method)\n\tat java.base/jdk.internal.reflect.NativeMethodAccessorImpl.invoke(NativeMethodAccessorImpl.java:78)\n\tat java.base/jdk.internal.reflect.DelegatingMethodAccessorImpl.invoke(DelegatingMethodAccessorImpl.java:43)\n\tat java.base/java.lang.reflect.Method.invoke(Method.java:567)\n\tat org.testng.internal.MethodInvocationHelper.invokeMethod(MethodInvocationHelper.java:86)\n\tat org.testng.internal.Invoker.invokeMethod(Invoker.java:643)\n\tat org.testng.internal.Invoker.invokeTestMethod(Invoker.java:820)\n\tat org.testng.internal.Invoker.invokeTestMethods(Invoker.java:1128)\n\tat org.testng.internal.TestMethodWorker.invokeTestMethods(TestMethodWorker.java:129)\n\tat org.testng.internal.TestMethodWorker.run(TestMethodWorker.java:112)\n\tat org.testng.TestRunner.privateRun(TestRunner.java:782)\n\tat org.testng.TestRunner.run(TestRunner.java:632)\n\tat org.testng.SuiteRunner.runTest(SuiteRunner.java:366)\n\tat org.testng.SuiteRunner.runSequentially(SuiteRunner.java:361)\n\tat org.testng.SuiteRunner.privateRun(SuiteRunner.java:319)\n\tat org.testng.SuiteRunner.run(SuiteRunner.java:268)\n\tat org.testng.SuiteRunnerWorker.runSuite(SuiteRunnerWorker.java:52)\n\tat org.testng.SuiteRunnerWorker.run(SuiteRunnerWorker.java:86)\n\tat org.testng.TestNG.runSuitesSequentially(TestNG.java:1244)\n\tat org.testng.TestNG.runSuitesLocally(TestNG.java:1169)\n\tat org.testng.TestNG.run(TestNG.java:1064)\n\tat org.apache.maven.surefire.testng.TestNGExecutor.run(TestNGExecutor.java:283)\n\tat org.apache.maven.surefire.testng.TestNGXmlTestSuite.execute(TestNGXmlTestSuite.java:75)\n\tat org.apache.maven.surefire.testng.TestNGProvider.invoke(TestNGProvider.java:120)\n\tat org.apache.maven.surefire.booter.ForkedBooter.invokeProviderInSameClassLoader(ForkedBooter.java:386)\n\tat org.apache.maven.surefire.booter.ForkedBooter.runSuitesInProcess(ForkedBooter.java:323)\n\tat org.apache.maven.surefire.booter.ForkedBooter.main(ForkedBooter.java:143)\n"},"stage":"finished","descriptionHtml":"<!DOCTYPE html><html><body><video width='400' controls><source src='https://automate.browserstack.com/sessions/3d150b8be12d642bc86e8e1986677360534e6762/video?token=Y3o4ZE94OGhzSnFLdVpiOFpmdWxBUnBWZTNXdFhhRk1ndzAzdHJvNURVYUNpU1luNkJ3Vi9vaWFNaGxlZmpmbENuSFpuRC9PNzRmK1pMNmprcUZGdUE9PS0tUWl5Z1JWa0NLa1pKdUtSeE82VTlWZz09--88205b7b3425965907e28e2d5f2bf2ae860d331f&source=rest_api&diff=-1' type='video/mp4'></video></body></html>","steps":[{"name":"Open url","status":"passed","stage":"finished","steps":[{"name":"Go to url","status":"passed","stage":"finished","steps":[],"attachments":[],"parameters":[{"name":"url","value":"https://staging.platform.socio.events/signup"}],"start":1643310060833,"stop":1643310082976}],"attachments":[],"parameters":[{"name":"url","value":"https://staging.platform.socio.events/signup"}],"start":1643310060832,"stop":1643310082976},{"name":"Login with credentials","status":"failed","statusDetails":{"known":false,"muted":false,"flaky":false,"message":"Could not find element || Element Locator =>By.xpath: //*[@data-testid=\"btnLogina\"] Error : org.openqa.selenium.TimeoutException: Expected condition failed: waiting for presence of element located by: By.xpath: //*[@data-testid=\"btnLogina\"] (tried for 30 second(s) with 500 milliseconds interval)","trace":"java.lang.AssertionError: Could not find element || Element Locator =>By.xpath: //*[@data-testid=\"btnLogina\"] Error : org.openqa.selenium.TimeoutException: Expected condition failed: waiting for presence of element located by: By.xpath: //*[@data-testid=\"btnLogina\"] (tried for 30 second(s) with 500 milliseconds interval)\n\tat org.testng.Assert.fail(Assert.java:94)\n\tat util.Logger.assertWithStatus(Logger.java:15)\n\tat controller.ElementController.getElement(ElementController.java:25)\n\tat controller.ActionController.clickElement(ActionController.java:44)\n\tat pages.LoginPage.loginWithCredentials(LoginPage.java:18)\n\tat com.browserstack.DemoTest.test1(DemoTest.java:76)\n\tat java.base/jdk.internal.reflect.NativeMethodAccessorImpl.invoke0(Native Method)\n\tat java.base/jdk.internal.reflect.NativeMethodAccessorImpl.invoke(NativeMethodAccessorImpl.java:78)\n\tat java.base/jdk.internal.reflect.DelegatingMethodAccessorImpl.invoke(DelegatingMethodAccessorImpl.java:43)\n\tat java.base/java.lang.reflect.Method.invoke(Method.java:567)\n\tat org.testng.internal.MethodInvocationHelper.invokeMethod(MethodInvocationHelper.java:86)\n\tat org.testng.internal.Invoker.invokeMethod(Invoker.java:643)\n\tat org.testng.internal.Invoker.invokeTestMethod(Invoker.java:820)\n\tat org.testng.internal.Invoker.invokeTestMethods(Invoker.java:1128)\n\tat org.testng.internal.TestMethodWorker.invokeTestMethods(TestMethodWorker.java:129)\n\tat org.testng.internal.TestMethodWorker.run(TestMethodWorker.java:112)\n\tat org.testng.TestRunner.privateRun(TestRunner.java:782)\n\tat org.testng.TestRunner.run(TestRunner.java:632)\n\tat org.testng.SuiteRunner.runTest(SuiteRunner.java:366)\n\tat org.testng.SuiteRunner.runSequentially(SuiteRunner.java:361)\n\tat org.testng.SuiteRunner.privateRun(SuiteRunner.java:319)\n\tat org.testng.SuiteRunner.run(SuiteRunner.java:268)\n\tat org.testng.SuiteRunnerWorker.runSuite(SuiteRunnerWorker.java:52)\n\tat org.testng.SuiteRunnerWorker.run(SuiteRunnerWorker.java:86)\n\tat org.testng.TestNG.runSuitesSequentially(TestNG.java:1244)\n\tat org.testng.TestNG.runSuitesLocally(TestNG.java:1169)\n\tat org.testng.TestNG.run(TestNG.java:1064)\n\tat org.apache.maven.surefire.testng.TestNGExecutor.run(TestNGExecutor.java:283)\n\tat org.apache.maven.surefire.testng.TestNGXmlTestSuite.execute(TestNGXmlTestSuite.java:75)\n\tat org.apache.maven.surefire.testng.TestNGProvider.invoke(TestNGProvider.java:120)\n\tat org.apache.maven.surefire.booter.ForkedBooter.invokeProviderInSameClassLoader(ForkedBooter.java:386)\n\tat org.apache.maven.surefire.booter.ForkedBooter.runSuitesInProcess(ForkedBooter.java:323)\n\tat org.apache.maven.surefire.booter.ForkedBooter.main(ForkedBooter.java:143)\n"},"stage":"finished","steps":[{"name":"Click element","status":"passed","stage":"finished","steps":[],"attachments":[],"parameters":[{"name":"by","value":"By.xpath: //*[@data-testid=\"linkLogin\"]"}],"start":1643310082988,"stop":1643310083975},{"name":"Fill input field","status":"passed","stage":"finished","steps":[],"attachments":[],"parameters":[{"name":"by","value":"By.xpath: //*[@data-testid=\"inputEmail\"]"},{"name":"data","value":"testautomation@socio.events"}],"start":1643310083976,"stop":1643310084716},{"name":"Fill input field","status":"passed","stage":"finished","steps":[],"attachments":[],"parameters":[{"name":"by","value":"By.xpath: //*[@data-testid=\"inputPassword\"]"},{"name":"data","value":"ta12345"}],"start":1643310084716,"stop":1643310085386},{"name":"Click element","status":"failed","statusDetails":{"known":false,"muted":false,"flaky":false,"message":"Could not find element || Element Locator =>By.xpath: //*[@data-testid=\"btnLogina\"] Error : org.openqa.selenium.TimeoutException: Expected condition failed: waiting for presence of element located by: By.xpath: //*[@data-testid=\"btnLogina\"] (tried for 30 second(s) with 500 milliseconds interval)","trace":"java.lang.AssertionError: Could not find element || Element Locator =>By.xpath: //*[@data-testid=\"btnLogina\"] Error : org.openqa.selenium.TimeoutException: Expected condition failed: waiting for presence of element located by: By.xpath: //*[@data-testid=\"btnLogina\"] (tried for 30 second(s) with 500 milliseconds interval)\n\tat org.testng.Assert.fail(Assert.java:94)\n\tat util.Logger.assertWithStatus(Logger.java:15)\n\tat controller.ElementController.getElement(ElementController.java:25)\n\tat controller.ActionController.clickElement(ActionController.java:44)\n\tat pages.LoginPage.loginWithCredentials(LoginPage.java:18)\n\tat com.browserstack.DemoTest.test1(DemoTest.java:76)\n\tat java.base/jdk.internal.reflect.NativeMethodAccessorImpl.invoke0(Native Method)\n\tat java.base/jdk.internal.reflect.NativeMethodAccessorImpl.invoke(NativeMethodAccessorImpl.java:78)\n\tat java.base/jdk.internal.reflect.DelegatingMethodAccessorImpl.invoke(DelegatingMethodAccessorImpl.java:43)\n\tat java.base/java.lang.reflect.Method.invoke(Method.java:567)\n\tat org.testng.internal.MethodInvocationHelper.invokeMethod(MethodInvocationHelper.java:86)\n\tat org.testng.internal.Invoker.invokeMethod(Invoker.java:643)\n\tat org.testng.internal.Invoker.invokeTestMethod(Invoker.java:820)\n\tat org.testng.internal.Invoker.invokeTestMethods(Invoker.java:1128)\n\tat org.testng.internal.TestMethodWorker.invokeTestMethods(TestMethodWorker.java:129)\n\tat org.testng.internal.TestMethodWorker.run(TestMethodWorker.java:112)\n\tat org.testng.TestRunner.privateRun(TestRunner.java:782)\n\tat org.testng.TestRunner.run(TestRunner.java:632)\n\tat org.testng.SuiteRunner.runTest(SuiteRunner.java:366)\n\tat org.testng.SuiteRunner.runSequentially(SuiteRunner.java:361)\n\tat org.testng.SuiteRunner.privateRun(SuiteRunner.java:319)\n\tat org.testng.SuiteRunner.run(SuiteRunner.java:268)\n\tat org.testng.SuiteRunnerWorker.runSuite(SuiteRunnerWorker.java:52)\n\tat org.testng.SuiteRunnerWorker.run(SuiteRunnerWorker.java:86)\n\tat org.testng.TestNG.runSuitesSequentially(TestNG.java:1244)\n\tat org.testng.TestNG.runSuitesLocally(TestNG.java:1169)\n\tat org.testng.TestNG.run(TestNG.java:1064)\n\tat org.apache.maven.surefire.testng.TestNGExecutor.run(TestNGExecutor.java:283)\n\tat org.apache.maven.surefire.testng.TestNGXmlTestSuite.execute(TestNGXmlTestSuite.java:75)\n\tat org.apache.maven.surefire.testng.TestNGProvider.invoke(TestNGProvider.java:120)\n\tat org.apache.maven.surefire.booter.ForkedBooter.invokeProviderInSameClassLoader(ForkedBooter.java:386)\n\tat org.apache.maven.surefire.booter.ForkedBooter.runSuitesInProcess(ForkedBooter.java:323)\n\tat org.apache.maven.surefire.booter.ForkedBooter.main(ForkedBooter.java:143)\n"},"stage":"finished","steps":[],"attachments":[],"parameters":[{"name":"by","value":"By.xpath: //*[@data-testid=\"btnLogina\"]"}],"start":1643310085386,"stop":1643310116361}],"attachments":[],"parameters":[{"name":"mail","value":"testautomation@socio.events"},{"name":"pass","value":"ta12345"}],"start":1643310082988,"stop":1643310116361}],"attachments":[{"name":"Page Screenshot","source":"5da59c71-b4d4-4ab9-9fdf-f674b688701e-attachment","type":"image/png"}],"parameters":[{"name":"config","value":"single.conf.json"},{"name":"environment","value":"chrome"}],"start":1643310060832,"stop":1643310118527}