{
  "uid" : "e17c9b300d4751bb",
  "name" : "postToWebAppWall",
  "fullName" : "com.browserstack.DemoTest.postToWebAppWall",
  "historyId" : "585f3c6dda4d5e35875f2d8e0e302456",
  "time" : {
    "start" : 1643297098572,
    "stop" : 1643297133059,
    "duration" : 34487
  },
  "description" : "<!DOCTYPE html> \n<html> \n<body> \n\n<video width=\"400\" controls>\n  <source src=\"https://automate.browserstack.com/sessions/3d2cf22661d1883c374d7d3a6ab1545ab195d029/video?token=VTUraVlySkxOMlNVK2JGOGxKNlZ3REd0aEx5ZVlHN3dhaCthcFhLRlVkbVBROFY4ZzR0MEU0bnNoallWOUMwdTZOR3E2WWJja093WEJObFJWaWNYN1E9PS0teDhqNVRnc25sY3Z4eHUxWWpBbWNBZz09--945d64ebef5c4d1a7997404e4e462180dc76ed29&source=rest_api&diff=1342.738433125\" type=\"video/mp4\">\n</video>\n\n</body> \n</html>",
  "descriptionHtml" : "<!DOCTYPE html> \n<html> \n<body> \n<video width=\"400\" controls>\n  <source src=\"https://automate.browserstack.com/sessions/3d2cf22661d1883c374d7d3a6ab1545ab195d029/video?token=VTUraVlySkxOMlNVK2JGOGxKNlZ3REd0aEx5ZVlHN3dhaCthcFhLRlVkbVBROFY4ZzR0MEU0bnNoallWOUMwdTZOR3E2WWJja093WEJObFJWaWNYN1E9PS0teDhqNVRnc25sY3Z4eHUxWWpBbWNBZz09--945d64ebef5c4d1a7997404e4e462180dc76ed29&source=rest_api&diff=1342.738433125\" type=\"video/mp4\">\n</video>\n</body> \n</html>\n",
  "status" : "failed",
  "statusMessage" : "Could not find element || Element Locator =>By.xpath: //*[@data-testid=\"btnLoginaa\"] Error : org.openqa.selenium.TimeoutException: Expected condition failed: waiting for presence of element located by: By.xpath: //*[@data-testid=\"btnLoginaa\"] (tried for 30 second(s) with 500 milliseconds interval)",
  "statusTrace" : "java.lang.AssertionError: Could not find element || Element Locator =>By.xpath: //*[@data-testid=\"btnLoginaa\"] Error : org.openqa.selenium.TimeoutException: Expected condition failed: waiting for presence of element located by: By.xpath: //*[@data-testid=\"btnLoginaa\"] (tried for 30 second(s) with 500 milliseconds interval)\n\tat org.testng.Assert.fail(Assert.java:94)\n\tat util.Logger.assertWithStatus(Logger.java:15)\n\tat controller.ElementController.getElement(ElementController.java:25)\n\tat controller.ActionController.clickElement(ActionController.java:44)\n\tat pages.LoginPage.loginWithCredentials(LoginPage.java:18)\n\tat com.browserstack.DemoTest.postToWebAppWall(DemoTest.java:42)\n\tat java.base/jdk.internal.reflect.NativeMethodAccessorImpl.invoke0(Native Method)\n\tat java.base/jdk.internal.reflect.NativeMethodAccessorImpl.invoke(NativeMethodAccessorImpl.java:62)\n\tat java.base/jdk.internal.reflect.DelegatingMethodAccessorImpl.invoke(DelegatingMethodAccessorImpl.java:43)\n\tat java.base/java.lang.reflect.Method.invoke(Method.java:566)\n\tat org.testng.internal.MethodInvocationHelper.invokeMethod(MethodInvocationHelper.java:86)\n\tat org.testng.internal.Invoker.invokeMethod(Invoker.java:643)\n\tat org.testng.internal.Invoker.invokeTestMethod(Invoker.java:820)\n\tat org.testng.internal.Invoker.invokeTestMethods(Invoker.java:1128)\n\tat org.testng.internal.TestMethodWorker.invokeTestMethods(TestMethodWorker.java:129)\n\tat org.testng.internal.TestMethodWorker.run(TestMethodWorker.java:112)\n\tat org.testng.TestRunner.privateRun(TestRunner.java:782)\n\tat org.testng.TestRunner.run(TestRunner.java:632)\n\tat org.testng.SuiteRunner.runTest(SuiteRunner.java:366)\n\tat org.testng.SuiteRunner.runSequentially(SuiteRunner.java:361)\n\tat org.testng.SuiteRunner.privateRun(SuiteRunner.java:319)\n\tat org.testng.SuiteRunner.run(SuiteRunner.java:268)\n\tat org.testng.SuiteRunnerWorker.runSuite(SuiteRunnerWorker.java:52)\n\tat org.testng.SuiteRunnerWorker.run(SuiteRunnerWorker.java:86)\n\tat org.testng.TestNG.runSuitesSequentially(TestNG.java:1244)\n\tat org.testng.TestNG.runSuitesLocally(TestNG.java:1169)\n\tat org.testng.TestNG.run(TestNG.java:1064)\n\tat org.apache.maven.surefire.testng.TestNGExecutor.run(TestNGExecutor.java:283)\n\tat org.apache.maven.surefire.testng.TestNGXmlTestSuite.execute(TestNGXmlTestSuite.java:75)\n\tat org.apache.maven.surefire.testng.TestNGProvider.invoke(TestNGProvider.java:120)\n\tat org.apache.maven.surefire.booter.ForkedBooter.invokeProviderInSameClassLoader(ForkedBooter.java:386)\n\tat org.apache.maven.surefire.booter.ForkedBooter.runSuitesInProcess(ForkedBooter.java:323)\n\tat org.apache.maven.surefire.booter.ForkedBooter.main(ForkedBooter.java:143)\n",
  "flaky" : true,
  "newFailed" : false,
  "beforeStages" : [ {
    "name" : "setUp",
    "time" : {
      "start" : 1643297092800,
      "stop" : 1643297098434,
      "duration" : 5634
    },
    "description" : "",
    "status" : "passed",
    "steps" : [ ],
    "attachments" : [ ],
    "parameters" : [ ],
    "stepsCount" : 0,
    "attachmentsCount" : 0,
    "shouldDisplayMessage" : false,
    "hasContent" : false
  } ],
  "testStage" : {
    "description" : "<!DOCTYPE html> \n<html> \n<body> \n\n<video width=\"400\" controls>\n  <source src=\"https://automate.browserstack.com/sessions/3d2cf22661d1883c374d7d3a6ab1545ab195d029/video?token=VTUraVlySkxOMlNVK2JGOGxKNlZ3REd0aEx5ZVlHN3dhaCthcFhLRlVkbVBROFY4ZzR0MEU0bnNoallWOUMwdTZOR3E2WWJja093WEJObFJWaWNYN1E9PS0teDhqNVRnc25sY3Z4eHUxWWpBbWNBZz09--945d64ebef5c4d1a7997404e4e462180dc76ed29&source=rest_api&diff=1342.738433125\" type=\"video/mp4\">\n</video>\n\n</body> \n</html>",
    "status" : "failed",
    "statusMessage" : "Could not find element || Element Locator =>By.xpath: //*[@data-testid=\"btnLoginaa\"] Error : org.openqa.selenium.TimeoutException: Expected condition failed: waiting for presence of element located by: By.xpath: //*[@data-testid=\"btnLoginaa\"] (tried for 30 second(s) with 500 milliseconds interval)",
    "statusTrace" : "java.lang.AssertionError: Could not find element || Element Locator =>By.xpath: //*[@data-testid=\"btnLoginaa\"] Error : org.openqa.selenium.TimeoutException: Expected condition failed: waiting for presence of element located by: By.xpath: //*[@data-testid=\"btnLoginaa\"] (tried for 30 second(s) with 500 milliseconds interval)\n\tat org.testng.Assert.fail(Assert.java:94)\n\tat util.Logger.assertWithStatus(Logger.java:15)\n\tat controller.ElementController.getElement(ElementController.java:25)\n\tat controller.ActionController.clickElement(ActionController.java:44)\n\tat pages.LoginPage.loginWithCredentials(LoginPage.java:18)\n\tat com.browserstack.DemoTest.postToWebAppWall(DemoTest.java:42)\n\tat java.base/jdk.internal.reflect.NativeMethodAccessorImpl.invoke0(Native Method)\n\tat java.base/jdk.internal.reflect.NativeMethodAccessorImpl.invoke(NativeMethodAccessorImpl.java:62)\n\tat java.base/jdk.internal.reflect.DelegatingMethodAccessorImpl.invoke(DelegatingMethodAccessorImpl.java:43)\n\tat java.base/java.lang.reflect.Method.invoke(Method.java:566)\n\tat org.testng.internal.MethodInvocationHelper.invokeMethod(MethodInvocationHelper.java:86)\n\tat org.testng.internal.Invoker.invokeMethod(Invoker.java:643)\n\tat org.testng.internal.Invoker.invokeTestMethod(Invoker.java:820)\n\tat org.testng.internal.Invoker.invokeTestMethods(Invoker.java:1128)\n\tat org.testng.internal.TestMethodWorker.invokeTestMethods(TestMethodWorker.java:129)\n\tat org.testng.internal.TestMethodWorker.run(TestMethodWorker.java:112)\n\tat org.testng.TestRunner.privateRun(TestRunner.java:782)\n\tat org.testng.TestRunner.run(TestRunner.java:632)\n\tat org.testng.SuiteRunner.runTest(SuiteRunner.java:366)\n\tat org.testng.SuiteRunner.runSequentially(SuiteRunner.java:361)\n\tat org.testng.SuiteRunner.privateRun(SuiteRunner.java:319)\n\tat org.testng.SuiteRunner.run(SuiteRunner.java:268)\n\tat org.testng.SuiteRunnerWorker.runSuite(SuiteRunnerWorker.java:52)\n\tat org.testng.SuiteRunnerWorker.run(SuiteRunnerWorker.java:86)\n\tat org.testng.TestNG.runSuitesSequentially(TestNG.java:1244)\n\tat org.testng.TestNG.runSuitesLocally(TestNG.java:1169)\n\tat org.testng.TestNG.run(TestNG.java:1064)\n\tat org.apache.maven.surefire.testng.TestNGExecutor.run(TestNGExecutor.java:283)\n\tat org.apache.maven.surefire.testng.TestNGXmlTestSuite.execute(TestNGXmlTestSuite.java:75)\n\tat org.apache.maven.surefire.testng.TestNGProvider.invoke(TestNGProvider.java:120)\n\tat org.apache.maven.surefire.booter.ForkedBooter.invokeProviderInSameClassLoader(ForkedBooter.java:386)\n\tat org.apache.maven.surefire.booter.ForkedBooter.runSuitesInProcess(ForkedBooter.java:323)\n\tat org.apache.maven.surefire.booter.ForkedBooter.main(ForkedBooter.java:143)\n",
    "steps" : [ {
      "name" : "Open url",
      "time" : {
        "start" : 1643297098634,
        "stop" : 1643297101397,
        "duration" : 2763
      },
      "status" : "passed",
      "steps" : [ {
        "name" : "Go to url",
        "time" : {
          "start" : 1643297098637,
          "stop" : 1643297101397,
          "duration" : 2760
        },
        "status" : "passed",
        "steps" : [ ],
        "attachments" : [ ],
        "parameters" : [ {
          "name" : "url",
          "value" : "https://staging.platform.socio.events/signup"
        } ],
        "stepsCount" : 0,
        "attachmentsCount" : 0,
        "shouldDisplayMessage" : false,
        "hasContent" : true
      } ],
      "attachments" : [ ],
      "parameters" : [ {
        "name" : "url",
        "value" : "https://staging.platform.socio.events/signup"
      } ],
      "stepsCount" : 1,
      "attachmentsCount" : 0,
      "shouldDisplayMessage" : false,
      "hasContent" : true
    }, {
      "name" : "Login with credentials",
      "time" : {
        "start" : 1643297101412,
        "stop" : 1643297132592,
        "duration" : 31180
      },
      "status" : "failed",
      "statusMessage" : "Could not find element || Element Locator =>By.xpath: //*[@data-testid=\"btnLoginaa\"] Error : org.openqa.selenium.TimeoutException: Expected condition failed: waiting for presence of element located by: By.xpath: //*[@data-testid=\"btnLoginaa\"] (tried for 30 second(s) with 500 milliseconds interval)",
      "statusTrace" : "java.lang.AssertionError: Could not find element || Element Locator =>By.xpath: //*[@data-testid=\"btnLoginaa\"] Error : org.openqa.selenium.TimeoutException: Expected condition failed: waiting for presence of element located by: By.xpath: //*[@data-testid=\"btnLoginaa\"] (tried for 30 second(s) with 500 milliseconds interval)\n\tat org.testng.Assert.fail(Assert.java:94)\n\tat util.Logger.assertWithStatus(Logger.java:15)\n\tat controller.ElementController.getElement(ElementController.java:25)\n\tat controller.ActionController.clickElement(ActionController.java:44)\n\tat pages.LoginPage.loginWithCredentials(LoginPage.java:18)\n\tat com.browserstack.DemoTest.postToWebAppWall(DemoTest.java:42)\n\tat java.base/jdk.internal.reflect.NativeMethodAccessorImpl.invoke0(Native Method)\n\tat java.base/jdk.internal.reflect.NativeMethodAccessorImpl.invoke(NativeMethodAccessorImpl.java:62)\n\tat java.base/jdk.internal.reflect.DelegatingMethodAccessorImpl.invoke(DelegatingMethodAccessorImpl.java:43)\n\tat java.base/java.lang.reflect.Method.invoke(Method.java:566)\n\tat org.testng.internal.MethodInvocationHelper.invokeMethod(MethodInvocationHelper.java:86)\n\tat org.testng.internal.Invoker.invokeMethod(Invoker.java:643)\n\tat org.testng.internal.Invoker.invokeTestMethod(Invoker.java:820)\n\tat org.testng.internal.Invoker.invokeTestMethods(Invoker.java:1128)\n\tat org.testng.internal.TestMethodWorker.invokeTestMethods(TestMethodWorker.java:129)\n\tat org.testng.internal.TestMethodWorker.run(TestMethodWorker.java:112)\n\tat org.testng.TestRunner.privateRun(TestRunner.java:782)\n\tat org.testng.TestRunner.run(TestRunner.java:632)\n\tat org.testng.SuiteRunner.runTest(SuiteRunner.java:366)\n\tat org.testng.SuiteRunner.runSequentially(SuiteRunner.java:361)\n\tat org.testng.SuiteRunner.privateRun(SuiteRunner.java:319)\n\tat org.testng.SuiteRunner.run(SuiteRunner.java:268)\n\tat org.testng.SuiteRunnerWorker.runSuite(SuiteRunnerWorker.java:52)\n\tat org.testng.SuiteRunnerWorker.run(SuiteRunnerWorker.java:86)\n\tat org.testng.TestNG.runSuitesSequentially(TestNG.java:1244)\n\tat org.testng.TestNG.runSuitesLocally(TestNG.java:1169)\n\tat org.testng.TestNG.run(TestNG.java:1064)\n\tat org.apache.maven.surefire.testng.TestNGExecutor.run(TestNGExecutor.java:283)\n\tat org.apache.maven.surefire.testng.TestNGXmlTestSuite.execute(TestNGXmlTestSuite.java:75)\n\tat org.apache.maven.surefire.testng.TestNGProvider.invoke(TestNGProvider.java:120)\n\tat org.apache.maven.surefire.booter.ForkedBooter.invokeProviderInSameClassLoader(ForkedBooter.java:386)\n\tat org.apache.maven.surefire.booter.ForkedBooter.runSuitesInProcess(ForkedBooter.java:323)\n\tat org.apache.maven.surefire.booter.ForkedBooter.main(ForkedBooter.java:143)\n",
      "steps" : [ {
        "name" : "Click element",
        "time" : {
          "start" : 1643297101412,
          "stop" : 1643297101876,
          "duration" : 464
        },
        "status" : "passed",
        "steps" : [ ],
        "attachments" : [ ],
        "parameters" : [ {
          "name" : "by",
          "value" : "By.xpath: //*[@data-testid=\"linkLogin\"]"
        } ],
        "stepsCount" : 0,
        "attachmentsCount" : 0,
        "shouldDisplayMessage" : false,
        "hasContent" : true
      }, {
        "name" : "Fill input field",
        "time" : {
          "start" : 1643297101877,
          "stop" : 1643297102171,
          "duration" : 294
        },
        "status" : "passed",
        "steps" : [ ],
        "attachments" : [ ],
        "parameters" : [ {
          "name" : "by",
          "value" : "By.xpath: //*[@data-testid=\"inputEmail\"]"
        }, {
          "name" : "data",
          "value" : "testautomation@socio.events"
        } ],
        "stepsCount" : 0,
        "attachmentsCount" : 0,
        "shouldDisplayMessage" : false,
        "hasContent" : true
      }, {
        "name" : "Fill input field",
        "time" : {
          "start" : 1643297102172,
          "stop" : 1643297102398,
          "duration" : 226
        },
        "status" : "passed",
        "steps" : [ ],
        "attachments" : [ ],
        "parameters" : [ {
          "name" : "by",
          "value" : "By.xpath: //*[@data-testid=\"inputPassword\"]"
        }, {
          "name" : "data",
          "value" : "ta12345"
        } ],
        "stepsCount" : 0,
        "attachmentsCount" : 0,
        "shouldDisplayMessage" : false,
        "hasContent" : true
      }, {
        "name" : "Click element",
        "time" : {
          "start" : 1643297102398,
          "stop" : 1643297132592,
          "duration" : 30194
        },
        "status" : "failed",
        "statusMessage" : "Could not find element || Element Locator =>By.xpath: //*[@data-testid=\"btnLoginaa\"] Error : org.openqa.selenium.TimeoutException: Expected condition failed: waiting for presence of element located by: By.xpath: //*[@data-testid=\"btnLoginaa\"] (tried for 30 second(s) with 500 milliseconds interval)",
        "statusTrace" : "java.lang.AssertionError: Could not find element || Element Locator =>By.xpath: //*[@data-testid=\"btnLoginaa\"] Error : org.openqa.selenium.TimeoutException: Expected condition failed: waiting for presence of element located by: By.xpath: //*[@data-testid=\"btnLoginaa\"] (tried for 30 second(s) with 500 milliseconds interval)\n\tat org.testng.Assert.fail(Assert.java:94)\n\tat util.Logger.assertWithStatus(Logger.java:15)\n\tat controller.ElementController.getElement(ElementController.java:25)\n\tat controller.ActionController.clickElement(ActionController.java:44)\n\tat pages.LoginPage.loginWithCredentials(LoginPage.java:18)\n\tat com.browserstack.DemoTest.postToWebAppWall(DemoTest.java:42)\n\tat java.base/jdk.internal.reflect.NativeMethodAccessorImpl.invoke0(Native Method)\n\tat java.base/jdk.internal.reflect.NativeMethodAccessorImpl.invoke(NativeMethodAccessorImpl.java:62)\n\tat java.base/jdk.internal.reflect.DelegatingMethodAccessorImpl.invoke(DelegatingMethodAccessorImpl.java:43)\n\tat java.base/java.lang.reflect.Method.invoke(Method.java:566)\n\tat org.testng.internal.MethodInvocationHelper.invokeMethod(MethodInvocationHelper.java:86)\n\tat org.testng.internal.Invoker.invokeMethod(Invoker.java:643)\n\tat org.testng.internal.Invoker.invokeTestMethod(Invoker.java:820)\n\tat org.testng.internal.Invoker.invokeTestMethods(Invoker.java:1128)\n\tat org.testng.internal.TestMethodWorker.invokeTestMethods(TestMethodWorker.java:129)\n\tat org.testng.internal.TestMethodWorker.run(TestMethodWorker.java:112)\n\tat org.testng.TestRunner.privateRun(TestRunner.java:782)\n\tat org.testng.TestRunner.run(TestRunner.java:632)\n\tat org.testng.SuiteRunner.runTest(SuiteRunner.java:366)\n\tat org.testng.SuiteRunner.runSequentially(SuiteRunner.java:361)\n\tat org.testng.SuiteRunner.privateRun(SuiteRunner.java:319)\n\tat org.testng.SuiteRunner.run(SuiteRunner.java:268)\n\tat org.testng.SuiteRunnerWorker.runSuite(SuiteRunnerWorker.java:52)\n\tat org.testng.SuiteRunnerWorker.run(SuiteRunnerWorker.java:86)\n\tat org.testng.TestNG.runSuitesSequentially(TestNG.java:1244)\n\tat org.testng.TestNG.runSuitesLocally(TestNG.java:1169)\n\tat org.testng.TestNG.run(TestNG.java:1064)\n\tat org.apache.maven.surefire.testng.TestNGExecutor.run(TestNGExecutor.java:283)\n\tat org.apache.maven.surefire.testng.TestNGXmlTestSuite.execute(TestNGXmlTestSuite.java:75)\n\tat org.apache.maven.surefire.testng.TestNGProvider.invoke(TestNGProvider.java:120)\n\tat org.apache.maven.surefire.booter.ForkedBooter.invokeProviderInSameClassLoader(ForkedBooter.java:386)\n\tat org.apache.maven.surefire.booter.ForkedBooter.runSuitesInProcess(ForkedBooter.java:323)\n\tat org.apache.maven.surefire.booter.ForkedBooter.main(ForkedBooter.java:143)\n",
        "steps" : [ ],
        "attachments" : [ ],
        "parameters" : [ {
          "name" : "by",
          "value" : "By.xpath: //*[@data-testid=\"btnLoginaa\"]"
        } ],
        "stepsCount" : 0,
        "attachmentsCount" : 0,
        "shouldDisplayMessage" : true,
        "hasContent" : true
      } ],
      "attachments" : [ ],
      "parameters" : [ {
        "name" : "mail",
        "value" : "testautomation@socio.events"
      }, {
        "name" : "pass",
        "value" : "ta12345"
      } ],
      "stepsCount" : 4,
      "attachmentsCount" : 0,
      "shouldDisplayMessage" : false,
      "hasContent" : true
    } ],
    "attachments" : [ {
      "uid" : "f709de23b668655a",
      "name" : "Page Screenshot",
      "source" : "f709de23b668655a.png",
      "type" : "image/png",
      "size" : 41206
    } ],
    "parameters" : [ ],
    "stepsCount" : 7,
    "attachmentsCount" : 1,
    "shouldDisplayMessage" : false,
    "hasContent" : true
  },
  "afterStages" : [ {
    "name" : "tearDown",
    "time" : {
      "start" : 1643297133067,
      "stop" : 1643297136340,
      "duration" : 3273
    },
    "description" : "",
    "status" : "passed",
    "steps" : [ ],
    "attachments" : [ ],
    "parameters" : [ ],
    "stepsCount" : 0,
    "attachmentsCount" : 0,
    "shouldDisplayMessage" : false,
    "hasContent" : false
  } ],
  "labels" : [ {
    "name" : "package",
    "value" : "com.browserstack.DemoTest"
  }, {
    "name" : "testClass",
    "value" : "com.browserstack.DemoTest"
  }, {
    "name" : "testMethod",
    "value" : "postToWebAppWall"
  }, {
    "name" : "parentSuite",
    "value" : "Single"
  }, {
    "name" : "suite",
    "value" : "SingleTest"
  }, {
    "name" : "subSuite",
    "value" : "com.browserstack.DemoTest"
  }, {
    "name" : "host",
    "value" : "fv-az121-14"
  }, {
    "name" : "thread",
    "value" : "2706@fv-az121-14.main(1)"
  }, {
    "name" : "framework",
    "value" : "testng"
  }, {
    "name" : "language",
    "value" : "java"
  }, {
    "name" : "resultFormat",
    "value" : "allure2"
  } ],
  "parameters" : [ {
    "name" : "config",
    "value" : "single.conf.json"
  }, {
    "name" : "environment",
    "value" : "chrome"
  } ],
  "links" : [ {
    "name" : "3000",
    "url" : "https://sociohq.testrail.io/index.php?/cases/view/3000",
    "type" : "testrail"
  }, {
    "name" : "https://example.org",
    "type" : "custom"
  } ],
  "hidden" : false,
  "retry" : false,
  "extra" : {
    "severity" : "normal",
    "retries" : [ {
      "uid" : "e9e0ed4d80cf8f9",
      "status" : "failed",
      "statusDetails" : "Could not find element || Element Locator =>By.xpath: //*[@data-testid=\"btnLoginaa\"] Error : org.openqa.selenium.TimeoutException: Expected condition failed: waiting for presence of element located by: By.xpath: //*[@data-testid=\"btnLoginaa\"] (tried for 30 second(s) with 500 milliseconds interval)",
      "time" : {
        "start" : 1643209490921,
        "stop" : 1643209539945,
        "duration" : 49024
      }
    } ],
    "categories" : [ {
      "name" : "Product defects",
      "matchedStatuses" : [ ],
      "flaky" : false
    } ],
    "history" : {
      "statistic" : {
        "failed" : 15,
        "broken" : 0,
        "skipped" : 0,
        "passed" : 23,
        "unknown" : 0,
        "total" : 38
      },
      "items" : [ {
        "uid" : "49b76abe0eefb295",
        "reportUrl" : "https://eyyupbagdas.github.io/socio-demo/44//#testresult/49b76abe0eefb295",
        "status" : "failed",
        "statusDetails" : "Could not find element || Element Locator =>By.xpath: //*[@data-testid=\"btnLoginaa\"] Error : org.openqa.selenium.TimeoutException: Expected condition failed: waiting for presence of element located by: By.xpath: //*[@data-testid=\"btnLoginaa\"] (tried for 30 second(s) with 500 milliseconds interval)",
        "time" : {
          "start" : 1643294950124,
          "stop" : 1643294989486,
          "duration" : 39362
        }
      }, {
        "uid" : "cc9bdaf219ff14f1",
        "reportUrl" : "https://eyyupbagdas.github.io/socio-demo/43//#testresult/cc9bdaf219ff14f1",
        "status" : "failed",
        "statusDetails" : "Could not find element || Element Locator =>By.xpath: //*[@data-testid=\"btnLoginaa\"] Error : org.openqa.selenium.TimeoutException: Expected condition failed: waiting for presence of element located by: By.xpath: //*[@data-testid=\"btnLoginaa\"] (tried for 30 second(s) with 500 milliseconds interval)",
        "time" : {
          "start" : 1643294684472,
          "stop" : 1643294718810,
          "duration" : 34338
        }
      }, {
        "uid" : "e56dcdc8432b19dd",
        "reportUrl" : "https://eyyupbagdas.github.io/socio-demo/42//#testresult/e56dcdc8432b19dd",
        "status" : "failed",
        "statusDetails" : "Could not find element || Element Locator =>By.xpath: //*[@data-testid=\"btnLoginaa\"] Error : org.openqa.selenium.TimeoutException: Expected condition failed: waiting for presence of element located by: By.xpath: //*[@data-testid=\"btnLoginaa\"] (tried for 30 second(s) with 500 milliseconds interval)",
        "time" : {
          "start" : 1643294407232,
          "stop" : 1643294453116,
          "duration" : 45884
        }
      }, {
        "uid" : "6a6dd1b3c7ef8501",
        "reportUrl" : "https://eyyupbagdas.github.io/socio-demo/41//#testresult/6a6dd1b3c7ef8501",
        "status" : "failed",
        "statusDetails" : "Could not find element || Element Locator =>By.xpath: //*[@data-testid=\"btnLoginaa\"] Error : org.openqa.selenium.TimeoutException: Expected condition failed: waiting for presence of element located by: By.xpath: //*[@data-testid=\"btnLoginaa\"] (tried for 30 second(s) with 500 milliseconds interval)",
        "time" : {
          "start" : 1643294030223,
          "stop" : 1643294069066,
          "duration" : 38843
        }
      }, {
        "uid" : "257c2a019779d924",
        "reportUrl" : "https://eyyupbagdas.github.io/socio-demo/40//#testresult/257c2a019779d924",
        "status" : "failed",
        "statusDetails" : "Could not find element || Element Locator =>By.xpath: //*[@data-testid=\"btnLoginaa\"] Error : org.openqa.selenium.TimeoutException: Expected condition failed: waiting for presence of element located by: By.xpath: //*[@data-testid=\"btnLoginaa\"] (tried for 30 second(s) with 500 milliseconds interval)",
        "time" : {
          "start" : 1643211973434,
          "stop" : 1643212014937,
          "duration" : 41503
        }
      }, {
        "uid" : "78f9b4fa014fcd39",
        "reportUrl" : "https://eyyupbagdas.github.io/socio-demo/39//#testresult/78f9b4fa014fcd39",
        "status" : "passed",
        "time" : {
          "start" : 1643211120304,
          "stop" : 1643211129966,
          "duration" : 9662
        }
      }, {
        "uid" : "a89e7a80841096bc",
        "reportUrl" : "https://eyyupbagdas.github.io/socio-demo/38//#testresult/a89e7a80841096bc",
        "status" : "passed",
        "time" : {
          "start" : 1643210672858,
          "stop" : 1643210680687,
          "duration" : 7829
        }
      }, {
        "uid" : "9395e265c0fad309",
        "reportUrl" : "https://eyyupbagdas.github.io/socio-demo/37//#testresult/9395e265c0fad309",
        "status" : "passed",
        "time" : {
          "start" : 1643210400685,
          "stop" : 1643210404476,
          "duration" : 3791
        }
      }, {
        "uid" : "f008771543a92fbb",
        "reportUrl" : "https://eyyupbagdas.github.io/socio-demo/36//#testresult/f008771543a92fbb",
        "status" : "failed",
        "statusDetails" : "Could not find element || Element Locator =>By.xpath: //*[@data-testid=\"btnLoginaa\"] Error : org.openqa.selenium.TimeoutException: Expected condition failed: waiting for presence of element located by: By.xpath: //*[@data-testid=\"btnLoginaa\"] (tried for 30 second(s) with 500 milliseconds interval)",
        "time" : {
          "start" : 1643210113683,
          "stop" : 1643210156221,
          "duration" : 42538
        }
      }, {
        "uid" : "8a8371ff92cc7c67",
        "reportUrl" : "https://eyyupbagdas.github.io/socio-demo/35//#testresult/8a8371ff92cc7c67",
        "status" : "failed",
        "statusDetails" : "Could not find element || Element Locator =>By.xpath: //*[@data-testid=\"btnLoginaa\"] Error : org.openqa.selenium.TimeoutException: Expected condition failed: waiting for presence of element located by: By.xpath: //*[@data-testid=\"btnLoginaa\"] (tried for 30 second(s) with 500 milliseconds interval)",
        "time" : {
          "start" : 1643209062672,
          "stop" : 1643209103329,
          "duration" : 40657
        }
      }, {
        "uid" : "3d4f24549c94a77",
        "reportUrl" : "https://eyyupbagdas.github.io/socio-demo/34//#testresult/3d4f24549c94a77",
        "status" : "passed",
        "time" : {
          "start" : 1643198991009,
          "stop" : 1643199000467,
          "duration" : 9458
        }
      }, {
        "uid" : "c5c539463f277251",
        "reportUrl" : "https://eyyupbagdas.github.io/socio-demo/33//#testresult/c5c539463f277251",
        "status" : "passed",
        "time" : {
          "start" : 1643198441616,
          "stop" : 1643198445689,
          "duration" : 4073
        }
      }, {
        "uid" : "711ef131d4b1324f",
        "reportUrl" : "https://eyyupbagdas.github.io/socio-demo/32//#testresult/711ef131d4b1324f",
        "status" : "passed",
        "time" : {
          "start" : 1643198154135,
          "stop" : 1643198160623,
          "duration" : 6488
        }
      }, {
        "uid" : "346fdbb5a23cd8f4",
        "reportUrl" : "https://eyyupbagdas.github.io/socio-demo/31//#testresult/346fdbb5a23cd8f4",
        "status" : "passed",
        "time" : {
          "start" : 1643197927448,
          "stop" : 1643197931809,
          "duration" : 4361
        }
      }, {
        "uid" : "813c84f0ad9decf",
        "reportUrl" : "https://eyyupbagdas.github.io/socio-demo/30//#testresult/813c84f0ad9decf",
        "status" : "passed",
        "time" : {
          "start" : 1643197748482,
          "stop" : 1643197756154,
          "duration" : 7672
        }
      }, {
        "uid" : "8d2faae9578f8a0c",
        "reportUrl" : "https://eyyupbagdas.github.io/socio-demo/29//#testresult/8d2faae9578f8a0c",
        "status" : "passed",
        "time" : {
          "start" : 1643197294751,
          "stop" : 1643197298824,
          "duration" : 4073
        }
      }, {
        "uid" : "a35568cfbbf16477",
        "reportUrl" : "https://eyyupbagdas.github.io/socio-demo/28//#testresult/a35568cfbbf16477",
        "status" : "passed",
        "time" : {
          "start" : 1643197004280,
          "stop" : 1643197008414,
          "duration" : 4134
        }
      }, {
        "uid" : "43a4a7a5198af725",
        "reportUrl" : "https://eyyupbagdas.github.io/socio-demo/27//#testresult/43a4a7a5198af725",
        "status" : "passed",
        "time" : {
          "start" : 1643196569382,
          "stop" : 1643196573349,
          "duration" : 3967
        }
      }, {
        "uid" : "35aad33284189292",
        "reportUrl" : "https://eyyupbagdas.github.io/socio-demo/26//#testresult/35aad33284189292",
        "status" : "passed",
        "time" : {
          "start" : 1643196093805,
          "stop" : 1643196102559,
          "duration" : 8754
        }
      }, {
        "uid" : "b2820c46099f12c2",
        "reportUrl" : "https://eyyupbagdas.github.io/socio-demo/25//#testresult/b2820c46099f12c2",
        "status" : "passed",
        "time" : {
          "start" : 1643195757381,
          "stop" : 1643195761452,
          "duration" : 4071
        }
      } ]
    },
    "tags" : [ ]
  },
  "source" : "e17c9b300d4751bb.json",
  "parameterValues" : [ "single.conf.json", "chrome" ]
}